#
# A fatal error has been detected by the Java Runtime Environment:
#
#  SIGSEGV (0xb) at pc=0x00007fbb86332eec, pid=25733, tid=0x00007fbb6c4e7700
#
# JRE version: Java(TM) SE Runtime Environment (8.0_151-b12) (build 1.8.0_151-b12)
# Java VM: Java HotSpot(TM) 64-Bit Server VM (25.151-b12 mixed mode linux-amd64 compressed oops)
# Problematic frame:
# V  [libjvm.so+0x5e5eec]  PhaseCFG::schedule_early(VectorSet&, Node_List&)+0x16c
#
# Failed to write core dump. Core dumps have been disabled. To enable core dumping, try "ulimit -c unlimited" before starting Java again
#
# If you would like to submit a bug report, please visit:
#   http://bugreport.java.com/bugreport/crash.jsp
#

---------------  T H R E A D  ---------------

Current thread (0x00007fbb800c6800):  JavaThread "C2 CompilerThread1" daemon [_thread_in_native, id=25747, stack(0x00007fbb6c3e8000,0x00007fbb6c4e8000)]

siginfo: si_signo: 11 (SIGSEGV), si_code: 128 (SI_KERNEL), si_addr: 0x0000000000000000

Registers:
RAX=0x00007fbb861c0fd0, RBX=0x0000000000000000, RCX=0x0000000000000000, RDX=0x00007fbacccae088
RSP=0x00007fbb6c4e3650, RBP=0x00007fbb6c4e36c0, RSI=0x0000000000000000, RDI=0x00007fbadbfff020
R8 =0xfffffffffffffff0, R9 =0x0000000000000000, R10=0x0000000000000022, R11=0x00007fbabbfff020
R12=0x894800000068b855, R13=0x00007fbb86c9fc90, R14=0x0000000000000006, R15=0x00007fbb6c4e3740
RIP=0x00007fbb86332eec, EFLAGS=0x0000000000010286, CSGSFS=0x002b000000000033, ERR=0x0000000000000000
  TRAPNO=0x000000000000000d

Top of Stack: (sp=0x00007fbb6c4e3650)
0x00007fbb6c4e3650:   00007fbb6c4e3670 00007fbb6c4e3720
0x00007fbb6c4e3660:   00007fbb6c4e4f40 00007fbb6c4e4f98
0x00007fbb6c4e3670:   00007fbb3021bf60 00007fbb3023bf80
0x00007fbb6c4e3680:   00007fbb3021bf00 00007fbb800270a0
0x00007fbb6c4e3690:   00007fbb6c4e36c0 000000000000193e
0x00007fbb6c4e36a0:   00007fbb6c4e3740 00007fbb6c4e4f40
0x00007fbb6c4e36b0:   00007fbb6c4e3720 00007fbb800270a0
0x00007fbb6c4e36c0:   00007fbb6c4e37b0 00007fbb86336913
0x00007fbb6c4e36d0:   00007fbb00000020 00007fbb19699620
0x00007fbb6c4e36e0:   00007fbb1969f4b0 00007fbb196a1608
0x00007fbb6c4e36f0:   000000000023ee90 00007fbb3219bd50
0x00007fbb6c4e3700:   00007fbb31a4d420 0000000000000002
0x00007fbb6c4e3710:   00007fbb6c4e3760 00007fbb6c4e3760
0x00007fbb6c4e3720:   00007fbb800270a0 00007fbb00002000
0x00007fbb6c4e3730:   00007fbb3055da20 00007fbb000001cd
0x00007fbb6c4e3740:   00007fbb86cbe930 00007fbb800270a0
0x00007fbb6c4e3750:   0000000008000000 00007fbabbfff020
0x00007fbb6c4e3760:   00007fbb00000200 00007fbb800270a0
0x00007fbb6c4e3770:   00007fbb3223fc10 0000000000000000
0x00007fbb6c4e3780:   00007fbb6c4e37e0 00007fbb6c4e4f40
0x00007fbb6c4e3790:   00007fbb6c4e4470 00007fbb6c4e37e0
0x00007fbb6c4e37a0:   00007fbb6c4e4f40 00007fbb86cdc480
0x00007fbb6c4e37b0:   00007fbb6c4e37d0 00007fbb86336daa
0x00007fbb6c4e37c0:   00007fbb6c4e4f40 00007fbb6c4e5ca0
0x00007fbb6c4e37d0:   00007fbb6c4e5000 00007fbb861f2c8d
0x00007fbb6c4e37e0:   00007fbb86cb5e30 0000000000000006
0x00007fbb6c4e37f0:   00007fbb6c4e5ca0 00007fbb800270a0
0x00007fbb6c4e3800:   00007fbb800270a0 0000000000004000
0x00007fbb6c4e3810:   00007fbb30434cd0 0000000000000000
0x00007fbb6c4e3820:   00007fbb800270a0 0000000000004000
0x00007fbb6c4e3830:   00007fbb302accd0 0000000000000000
0x00007fbb6c4e3840:   0000000000000000 0000000000000000 

Instructions: (pc=0x00007fbb86332eec)
0x00007fbb86332ecc:   89 c0 31 db 4c 8b 2c c2 85 db 0f 85 24 01 00 00
0x00007fbb86332edc:   49 8b 45 08 4c 8b 20 4d 85 e4 0f 84 c4 02 00 00
0x00007fbb86332eec:   49 8b 04 24 4c 89 e7 ff 50 20 48 85 c0 0f 84 01
0x00007fbb86332efc:   01 00 00 49 39 c5 66 0f 1f 44 00 00 0f 84 f2 00 

Register to memory mapping:

RAX=0x00007fbb861c0fd0: <offset 0x473fd0> in /usr/lib/jvm/java-8-oracle/jre/lib/amd64/server/libjvm.so at 0x00007fbb85d4d000
RBX=0x0000000000000000 is an unknown value
RCX=0x0000000000000000 is an unknown value
RDX=0x00007fbacccae088 is an unknown value
RSP=0x00007fbb6c4e3650 is pointing into the stack for thread: 0x00007fbb800c6800
RBP=0x00007fbb6c4e36c0 is pointing into the stack for thread: 0x00007fbb800c6800
RSI=0x0000000000000000 is an unknown value
RDI=0x00007fbadbfff020 is an unknown value
R8 =0xfffffffffffffff0 is an unknown value
R9 =0x0000000000000000 is an unknown value
R10=0x0000000000000022 is an unknown value
R11=0x00007fbabbfff020 is an unknown value
R12=0x894800000068b855 is an unknown value
R13=0x00007fbb86c9fc90: <offset 0xf52c90> in /usr/lib/jvm/java-8-oracle/jre/lib/amd64/server/libjvm.so at 0x00007fbb85d4d000
R14=0x0000000000000006 is an unknown value
R15=0x00007fbb6c4e3740 is pointing into the stack for thread: 0x00007fbb800c6800


Stack: [0x00007fbb6c3e8000,0x00007fbb6c4e8000],  sp=0x00007fbb6c4e3650,  free space=1005k
Native frames: (J=compiled Java code, j=interpreted, Vv=VM code, C=native code)
V  [libjvm.so+0x5e5eec]  PhaseCFG::schedule_early(VectorSet&, Node_List&)+0x16c
V  [libjvm.so+0x5e9913]  PhaseCFG::global_code_motion()+0x1b3
V  [libjvm.so+0x5e9daa]  PhaseCFG::do_global_code_motion()+0x4a
V  [libjvm.so+0x4a5c8d]  Compile::Code_Gen()+0x1fd
V  [libjvm.so+0x4a8571]  Compile::Compile(ciEnv*, C2Compiler*, ciMethod*, int, bool, bool, bool)+0x14b1
V  [libjvm.so+0x3f4e15]  C2Compiler::compile_method(ciEnv*, ciMethod*, int)+0x1f5
V  [libjvm.so+0x4b2aca]  CompileBroker::invoke_compiler_on_method(CompileTask*)+0xc9a
V  [libjvm.so+0x4b3a76]  CompileBroker::compiler_thread_loop()+0x5d6
V  [libjvm.so+0xa79b53]  JavaThread::thread_main_inner()+0x103
V  [libjvm.so+0xa79c9c]  JavaThread::run()+0x11c
V  [libjvm.so+0x92a728]  java_start(Thread*)+0x108
C  [libpthread.so.0+0x76db]  start_thread+0xdb


Current CompileTask:
C2:  10474 6960   !   4       com.google.inject.internal.InjectorImpl::getJustInTimeBinding (176 bytes)


---------------  P R O C E S S  ---------------

Java Threads: ( => current thread )
  0x00007fbb189e7000 JavaThread "pool-19-thread-1" [_thread_blocked, id=26061, stack(0x00007fbb6558a000,0x00007fbb6568b000)]
  0x00007fbb189e5000 JavaThread "application-akka.actor.default-dispatcher-8" [_thread_blocked, id=26060, stack(0x00007fbb5eb3c000,0x00007fbb5ec3d000)]
  0x00007fbafc001000 JavaThread "application-akka.actor.default-dispatcher-7" [_thread_blocked, id=26059, stack(0x00007fbb5edfe000,0x00007fbb5eeff000)]
  0x00007fbadc003000 JavaThread "application-akka.actor.default-dispatcher-6" [_thread_blocked, id=26058, stack(0x00007fbb65388000,0x00007fbb65489000)]
  0x00007fbb189e4800 JavaThread "application-akka.actor.default-dispatcher-5" [_thread_blocked, id=26057, stack(0x00007fbb5e13a000,0x00007fbb5e23b000)]
  0x00007fbadc002800 JavaThread "application-akka.actor.default-dispatcher-4" [_thread_blocked, id=26056, stack(0x00007fbb5e43b000,0x00007fbb5e53c000)]
  0x00007fbb194a2000 JavaThread "application-akka.actor.default-dispatcher-3" [_thread_blocked, id=26055, stack(0x00007fbb5ec3d000,0x00007fbb5ed3e000)]
  0x00007fbb194a1000 JavaThread "application-akka.actor.default-dispatcher-2" [_thread_blocked, id=26054, stack(0x00007fbb6578c000,0x00007fbb6588d000)]
  0x00007fbb195da800 JavaThread "application-scheduler-1" [_thread_blocked, id=26053, stack(0x00007fbb64017000,0x00007fbb64118000)]
  0x00007fbb80b56000 JavaThread "pool-1-thread-1-ScalaTest-running-HaveYouRegisteredForVATMOSSViewSpec" [_thread_in_Java, id=25754, stack(0x00007fbb66cfd000,0x00007fbb66dfe000)]
  0x00007fbb80a4b800 JavaThread "Timer-0" [_thread_blocked, id=25753, stack(0x00007fbb673fe000,0x00007fbb674ff000)]
  0x00007fbb80a48000 JavaThread "ScalaTest-dispatcher" [_thread_blocked, id=25752, stack(0x00007fbb674ff000,0x00007fbb67600000)]
  0x00007fbb800cb000 JavaThread "Service Thread" daemon [_thread_blocked, id=25749, stack(0x00007fbb6c1e5000,0x00007fbb6c2e6000)]
  0x00007fbb800c8800 JavaThread "C1 CompilerThread2" daemon [_thread_blocked, id=25748, stack(0x00007fbb6c2e7000,0x00007fbb6c3e7000)]
=>0x00007fbb800c6800 JavaThread "C2 CompilerThread1" daemon [_thread_in_native, id=25747, stack(0x00007fbb6c3e8000,0x00007fbb6c4e8000)]
  0x00007fbb800c3800 JavaThread "C2 CompilerThread0" daemon [_thread_in_native, id=25746, stack(0x00007fbb6c4e9000,0x00007fbb6c5e9000)]
  0x00007fbb800c2000 JavaThread "Signal Dispatcher" daemon [_thread_blocked, id=25745, stack(0x00007fbb6c5e9000,0x00007fbb6c6ea000)]
  0x00007fbb8008f000 JavaThread "Finalizer" daemon [_thread_blocked, id=25744, stack(0x00007fbb6c9c8000,0x00007fbb6cac9000)]
  0x00007fbb8008a800 JavaThread "Reference Handler" daemon [_thread_blocked, id=25743, stack(0x00007fbb6cac9000,0x00007fbb6cbca000)]
  0x00007fbb80014800 JavaThread "main" [_thread_blocked, id=25735, stack(0x00007fbb87873000,0x00007fbb87973000)]

Other Threads:
  0x00007fbb80082800 VMThread [stack: 0x00007fbb6cbcb000,0x00007fbb6cccb000] [id=25742]
  0x00007fbb800ce800 WatcherThread [stack: 0x00007fbb6c0e5000,0x00007fbb6c1e5000] [id=25750]

VM state:not at safepoint (normal execution)

VM Mutex/Monitor currently owned by a thread: None

Heap:
 PSYoungGen      total 406016K, used 249823K [0x0000000718e00000, 0x0000000736980000, 0x00000007c0000000)
  eden space 391168K, 62% used [0x0000000718e00000,0x0000000727c06e50,0x0000000730c00000)
  from space 14848K, 40% used [0x0000000730c00000,0x00000007311f1190,0x0000000731a80000)
  to   space 14336K, 0% used [0x0000000735b80000,0x0000000735b80000,0x0000000736980000)
 ParOldGen       total 479232K, used 22770K [0x00000005caa00000, 0x00000005e7e00000, 0x0000000718e00000)
  object space 479232K, 4% used [0x00000005caa00000,0x00000005cc03caa8,0x00000005e7e00000)
 Metaspace       used 71241K, capacity 72294K, committed 72536K, reserved 1112064K
  class space    used 8774K, capacity 9011K, committed 9088K, reserved 1048576K

Card table byte_map: [0x00007fbb70054000,0x00007fbb71000000] byte_map_base: 0x00007fbb6d1ff000

Marking Bits: (ParMarkBitMap*) 0x00007fbb86d16f80
 Begin Bits: [0x00007fbb40550000, 0x00007fbb482a8000)
 End Bits:   [0x00007fbb482a8000, 0x00007fbb50000000)

Polling page: 0x00007fbb87994000

CodeCache: size=245760Kb used=17986Kb max_used=17999Kb free=227773Kb
 bounds [0x00007fbb71000000, 0x00007fbb721c0000, 0x00007fbb80000000]
 total_blobs=6620 nmethods=6103 adapters=426
 compilation: enabled

Compilation events (10 events):
Event: 10.447 Thread 0x00007fbb800c8800 7189       3       org.jsoup.parser.TokeniserState$45::read (144 bytes)
Event: 10.448 Thread 0x00007fbb800c8800 nmethod 7189 0x00007fbb721a6c90 code [0x00007fbb721a6f60, 0x00007fbb721a8718]
Event: 10.449 Thread 0x00007fbb800c8800 7190       1       org.jsoup.parser.HtmlTreeBuilderState$Constants::access$900 (4 bytes)
Event: 10.449 Thread 0x00007fbb800c8800 nmethod 7190 0x00007fbb721a9310 code [0x00007fbb721a9460, 0x00007fbb721a9550]
Event: 10.454 Thread 0x00007fbb800c8800 7191       3       org.jsoup.parser.HtmlTreeBuilder::inScope (7 bytes)
Event: 10.454 Thread 0x00007fbb800c8800 nmethod 7191 0x00007fbb721acc50 code [0x00007fbb721acde0, 0x00007fbb721ad1c8]
Event: 10.454 Thread 0x00007fbb800c3800 nmethod 7175 0x00007fbb721ad450 code [0x00007fbb721ad600, 0x00007fbb721ae058]
Event: 10.454 Thread 0x00007fbb800c3800 7180       4       org.jsoup.parser.ParseSettings::normalizeAttributes (47 bytes)
Event: 10.455 Thread 0x00007fbb800c8800 7192       3       scala.collection.mutable.ArrayOps$ofRef::drop (6 bytes)
Event: 10.456 Thread 0x00007fbb800c8800 nmethod 7192 0x00007fbb721ac490 code [0x00007fbb721ac620, 0x00007fbb721aca48]

GC Heap History (10 events):
Event: 5.957 GC heap before
{Heap before GC invocations=10 (full 3):
 PSYoungGen      total 269824K, used 257024K [0x0000000718e00000, 0x000000072a700000, 0x00000007c0000000)
  eden space 257024K, 100% used [0x0000000718e00000,0x0000000728900000,0x0000000728900000)
  from space 12800K, 0% used [0x0000000729780000,0x0000000729780000,0x000000072a400000)
  to   space 14848K, 0% used [0x0000000728900000,0x0000000728900000,0x0000000729780000)
 ParOldGen       total 479232K, used 22730K [0x00000005caa00000, 0x00000005e7e00000, 0x0000000718e00000)
  object space 479232K, 4% used [0x00000005caa00000,0x00000005cc032aa8,0x00000005e7e00000)
 Metaspace       used 67043K, capacity 67388K, committed 67800K, reserved 1107968K
  class space    used 8314K, capacity 8424K, committed 8448K, reserved 1048576K
Event: 5.968 GC heap after
Heap after GC invocations=10 (full 3):
 PSYoungGen      total 271872K, used 9041K [0x0000000718e00000, 0x000000072f600000, 0x00000007c0000000)
  eden space 257024K, 0% used [0x0000000718e00000,0x0000000718e00000,0x0000000728900000)
  from space 14848K, 60% used [0x0000000728900000,0x00000007291d4438,0x0000000729780000)
  to   space 14336K, 0% used [0x000000072e800000,0x000000072e800000,0x000000072f600000)
 ParOldGen       total 479232K, used 22738K [0x00000005caa00000, 0x00000005e7e00000, 0x0000000718e00000)
  object space 479232K, 4% used [0x00000005caa00000,0x00000005cc034aa8,0x00000005e7e00000)
 Metaspace       used 67043K, capacity 67388K, committed 67800K, reserved 1107968K
  class space    used 8314K, capacity 8424K, committed 8448K, reserved 1048576K
}
Event: 7.029 GC heap before
{Heap before GC invocations=11 (full 3):
 PSYoungGen      total 271872K, used 266065K [0x0000000718e00000, 0x000000072f600000, 0x00000007c0000000)
  eden space 257024K, 100% used [0x0000000718e00000,0x0000000728900000,0x0000000728900000)
  from space 14848K, 60% used [0x0000000728900000,0x00000007291d4438,0x0000000729780000)
  to   space 14336K, 0% used [0x000000072e800000,0x000000072e800000,0x000000072f600000)
 ParOldGen       total 479232K, used 22738K [0x00000005caa00000, 0x00000005e7e00000, 0x0000000718e00000)
  object space 479232K, 4% used [0x00000005caa00000,0x00000005cc034aa8,0x00000005e7e00000)
 Metaspace       used 67880K, capacity 68258K, committed 68696K, reserved 1110016K
  class space    used 8389K, capacity 8521K, committed 8576K, reserved 1048576K
Event: 7.038 GC heap after
Heap after GC invocations=11 (full 3):
 PSYoungGen      total 345088K, used 5072K [0x0000000718e00000, 0x000000072f200000, 0x00000007c0000000)
  eden space 334848K, 0% used [0x0000000718e00000,0x0000000718e00000,0x000000072d500000)
  from space 10240K, 49% used [0x000000072e800000,0x000000072ecf4388,0x000000072f200000)
  to   space 14848K, 0% used [0x000000072d500000,0x000000072d500000,0x000000072e380000)
 ParOldGen       total 479232K, used 22746K [0x00000005caa00000, 0x00000005e7e00000, 0x0000000718e00000)
  object space 479232K, 4% used [0x00000005caa00000,0x00000005cc036aa8,0x00000005e7e00000)
 Metaspace       used 67880K, capacity 68258K, committed 68696K, reserved 1110016K
  class space    used 8389K, capacity 8521K, committed 8576K, reserved 1048576K
}
Event: 7.930 GC heap before
{Heap before GC invocations=12 (full 3):
 PSYoungGen      total 345088K, used 339920K [0x0000000718e00000, 0x000000072f200000, 0x00000007c0000000)
  eden space 334848K, 100% used [0x0000000718e00000,0x000000072d500000,0x000000072d500000)
  from space 10240K, 49% used [0x000000072e800000,0x000000072ecf4388,0x000000072f200000)
  to   space 14848K, 0% used [0x000000072d500000,0x000000072d500000,0x000000072e380000)
 ParOldGen       total 479232K, used 22746K [0x00000005caa00000, 0x00000005e7e00000, 0x0000000718e00000)
  object space 479232K, 4% used [0x00000005caa00000,0x00000005cc036aa8,0x00000005e7e00000)
 Metaspace       used 69031K, capacity 69438K, committed 69848K, reserved 1110016K
  class space    used 8518K, capacity 8653K, committed 8704K, reserved 1048576K
Event: 7.935 GC heap after
Heap after GC invocations=12 (full 3):
 PSYoungGen      total 349696K, used 6172K [0x0000000718e00000, 0x0000000732900000, 0x00000007c0000000)
  eden space 334848K, 0% used [0x0000000718e00000,0x0000000718e00000,0x000000072d500000)
  from space 14848K, 41% used [0x000000072d500000,0x000000072db07258,0x000000072e380000)
  to   space 14848K, 0% used [0x0000000731a80000,0x0000000731a80000,0x0000000732900000)
 ParOldGen       total 479232K, used 22754K [0x00000005caa00000, 0x00000005e7e00000, 0x0000000718e00000)
  object space 479232K, 4% used [0x00000005caa00000,0x00000005cc038aa8,0x00000005e7e00000)
 Metaspace       used 69031K, capacity 69438K, committed 69848K, reserved 1110016K
  class space    used 8518K, capacity 8653K, committed 8704K, reserved 1048576K
}
Event: 8.582 GC heap before
{Heap before GC invocations=13 (full 3):
 PSYoungGen      total 349696K, used 341020K [0x0000000718e00000, 0x0000000732900000, 0x00000007c0000000)
  eden space 334848K, 100% used [0x0000000718e00000,0x000000072d500000,0x000000072d500000)
  from space 14848K, 41% used [0x000000072d500000,0x000000072db07258,0x000000072e380000)
  to   space 14848K, 0% used [0x0000000731a80000,0x0000000731a80000,0x0000000732900000)
 ParOldGen       total 479232K, used 22754K [0x00000005caa00000, 0x00000005e7e00000, 0x0000000718e00000)
  object space 479232K, 4% used [0x00000005caa00000,0x00000005cc038aa8,0x00000005e7e00000)
 Metaspace       used 69322K, capacity 69698K, committed 70104K, reserved 1110016K
  class space    used 8538K, capacity 8653K, committed 8704K, reserved 1048576K
Event: 8.590 GC heap after
Heap after GC invocations=13 (full 3):
 PSYoungGen      total 406016K, used 5659K [0x0000000718e00000, 0x0000000732c00000, 0x00000007c0000000)
  eden space 391168K, 0% used [0x0000000718e00000,0x0000000718e00000,0x0000000730c00000)
  from space 14848K, 38% used [0x0000000731a80000,0x0000000732006ef0,0x0000000732900000)
  to   space 14848K, 0% used [0x0000000730c00000,0x0000000730c00000,0x0000000731a80000)
 ParOldGen       total 479232K, used 22762K [0x00000005caa00000, 0x00000005e7e00000, 0x0000000718e00000)
  object space 479232K, 4% used [0x00000005caa00000,0x00000005cc03aaa8,0x00000005e7e00000)
 Metaspace       used 69322K, capacity 69698K, committed 70104K, reserved 1110016K
  class space    used 8538K, capacity 8653K, committed 8704K, reserved 1048576K
}
Event: 9.559 GC heap before
{Heap before GC invocations=14 (full 3):
 PSYoungGen      total 406016K, used 396827K [0x0000000718e00000, 0x0000000732c00000, 0x00000007c0000000)
  eden space 391168K, 100% used [0x0000000718e00000,0x0000000730c00000,0x0000000730c00000)
  from space 14848K, 38% used [0x0000000731a80000,0x0000000732006ef0,0x0000000732900000)
  to   space 14848K, 0% used [0x0000000730c00000,0x0000000730c00000,0x0000000731a80000)
 ParOldGen       total 479232K, used 22762K [0x00000005caa00000, 0x00000005e7e00000, 0x0000000718e00000)
  object space 479232K, 4% used [0x00000005caa00000,0x00000005cc03aaa8,0x00000005e7e00000)
 Metaspace       used 69815K, capacity 70216K, committed 70616K, reserved 1112064K
  class space    used 8580K, capacity 8702K, committed 8704K, reserved 1048576K
Event: 9.567 GC heap after
Heap after GC invocations=14 (full 3):
 PSYoungGen      total 406016K, used 6084K [0x0000000718e00000, 0x0000000736980000, 0x00000007c0000000)
  eden space 391168K, 0% used [0x0000000718e00000,0x0000000718e00000,0x0000000730c00000)
  from space 14848K, 40% used [0x0000000730c00000,0x00000007311f1190,0x0000000731a80000)
  to   space 14336K, 0% used [0x0000000735b80000,0x0000000735b80000,0x0000000736980000)
 ParOldGen       total 479232K, used 22770K [0x00000005caa00000, 0x00000005e7e00000, 0x0000000718e00000)
  object space 479232K, 4% used [0x00000005caa00000,0x00000005cc03caa8,0x00000005e7e00000)
 Metaspace       used 69815K, capacity 70216K, committed 70616K, reserved 1112064K
  class space    used 8580K, capacity 8702K, committed 8704K, reserved 1048576K
}

Deoptimization events (10 events):
Event: 8.803 Thread 0x00007fbb80b56000 Uncommon trap: reason=array_check action=maybe_recompile pc=0x00007fbb715270e8 method=java.util.AbstractCollection.toArray([Ljava/lang/Object;)[Ljava/lang/Object; @ 119
Event: 8.803 Thread 0x00007fbb80b56000 Uncommon trap: reason=array_check action=maybe_recompile pc=0x00007fbb715270e8 method=java.util.AbstractCollection.toArray([Ljava/lang/Object;)[Ljava/lang/Object; @ 119
Event: 8.969 Thread 0x00007fbae0001000 Uncommon trap: reason=bimorphic action=maybe_recompile pc=0x00007fbb71cf83a4 method=scala.collection.SeqLike$$anonfun$contains$1.apply(Ljava/lang/Object;)Z @ 60
Event: 8.969 Thread 0x00007fbae0001000 Uncommon trap: reason=bimorphic action=maybe_recompile pc=0x00007fbb71cf83a4 method=scala.collection.SeqLike$$anonfun$contains$1.apply(Ljava/lang/Object;)Z @ 60
Event: 9.173 Thread 0x00007fbb04070800 Uncommon trap: reason=unstable_if action=reinterpret pc=0x00007fbb71da2938 method=scala.concurrent.forkjoin.ForkJoinPool.scan(Lscala/concurrent/forkjoin/ForkJoinPool$WorkQueue;)Lscala/concurrent/forkjoin/ForkJoinTask; @ 182
Event: 9.762 Thread 0x00007fbb80b56000 Uncommon trap: reason=array_check action=maybe_recompile pc=0x00007fbb720a2178 method=scala.runtime.ScalaRunTime$.array_update(Ljava/lang/Object;ILjava/lang/Object;)V @ 17
Event: 9.762 Thread 0x00007fbb80b56000 Uncommon trap: reason=array_check action=maybe_recompile pc=0x00007fbb720a2178 method=scala.runtime.ScalaRunTime$.array_update(Ljava/lang/Object;ILjava/lang/Object;)V @ 17
Event: 9.762 Thread 0x00007fbb80b56000 Uncommon trap: reason=array_check action=maybe_recompile pc=0x00007fbb720a2178 method=scala.runtime.ScalaRunTime$.array_update(Ljava/lang/Object;ILjava/lang/Object;)V @ 17
Event: 9.762 Thread 0x00007fbb80b56000 Uncommon trap: reason=array_check action=maybe_recompile pc=0x00007fbb720a2178 method=scala.runtime.ScalaRunTime$.array_update(Ljava/lang/Object;ILjava/lang/Object;)V @ 17
Event: 10.406 Thread 0x00007fbb80b56000 Uncommon trap: reason=predicate action=maybe_recompile pc=0x00007fbb7219751c method=org.jsoup.parser.HtmlTreeBuilder.inSpecificScope([Ljava/lang/String;[Ljava/lang/String;[Ljava/lang/String;)Z @ 16

Internal exceptions (10 events):
Event: 7.984 Thread 0x00007fbb194f2800 Exception <a 'java/lang/InterruptedException': sleep interrupted> (0x000000071ba3d3c0) thrown at [/HUDSON/workspace/8-2-build-linux-amd64/jdk8u151/9699/hotspot/src/share/vm/prims/jvm.cpp, line 3228]
Event: 8.184 Thread 0x00007fbb194a6800 Exception <a 'java/lang/InterruptedException': sleep interrupted> (0x00000007220696a8) thrown at [/HUDSON/workspace/8-2-build-linux-amd64/jdk8u151/9699/hotspot/src/share/vm/prims/jvm.cpp, line 3228]
Event: 8.400 Thread 0x00007fbb194e4000 Exception <a 'java/lang/InterruptedException': sleep interrupted> (0x0000000727e09ff0) thrown at [/HUDSON/workspace/8-2-build-linux-amd64/jdk8u151/9699/hotspot/src/share/vm/prims/jvm.cpp, line 3228]
Event: 8.644 Thread 0x00007fbb194a4800 Exception <a 'java/lang/InterruptedException': sleep interrupted> (0x000000071997cda8) thrown at [/HUDSON/workspace/8-2-build-linux-amd64/jdk8u151/9699/hotspot/src/share/vm/prims/jvm.cpp, line 3228]
Event: 8.968 Thread 0x00007fbb194f4000 Exception <a 'java/lang/InterruptedException': sleep interrupted> (0x0000000720586bf0) thrown at [/HUDSON/workspace/8-2-build-linux-amd64/jdk8u151/9699/hotspot/src/share/vm/prims/jvm.cpp, line 3228]
Event: 9.172 Thread 0x00007fbb195e0000 Exception <a 'java/lang/InterruptedException': sleep interrupted> (0x0000000725e7a810) thrown at [/HUDSON/workspace/8-2-build-linux-amd64/jdk8u151/9699/hotspot/src/share/vm/prims/jvm.cpp, line 3228]
Event: 9.368 Thread 0x00007fbb194a5800 Exception <a 'java/lang/InterruptedException': sleep interrupted> (0x000000072c79fb58) thrown at [/HUDSON/workspace/8-2-build-linux-amd64/jdk8u151/9699/hotspot/src/share/vm/prims/jvm.cpp, line 3228]
Event: 9.694 Thread 0x00007fbb194f6800 Exception <a 'java/lang/InterruptedException': sleep interrupted> (0x000000071b4c9698) thrown at [/HUDSON/workspace/8-2-build-linux-amd64/jdk8u151/9699/hotspot/src/share/vm/prims/jvm.cpp, line 3228]
Event: 10.116 Thread 0x00007fbb194a1000 Exception <a 'java/lang/InterruptedException': sleep interrupted> (0x0000000721da9ec8) thrown at [/HUDSON/workspace/8-2-build-linux-amd64/jdk8u151/9699/hotspot/src/share/vm/prims/jvm.cpp, line 3228]
Event: 10.406 Thread 0x00007fbb80b56000 Implicit null exception at 0x00007fbb72196d51 to 0x00007fbb721974f9

Events (10 events):
Event: 10.406 Thread 0x00007fbb80b56000 DEOPT PACKING pc=0x00007fbb7219751c sp=0x00007fbb66dfa170
Event: 10.406 Thread 0x00007fbb80b56000 DEOPT UNPACKING pc=0x00007fbb71005229 sp=0x00007fbb66dfa158 mode 2
Event: 10.442 loading class views/vat/moss/noneu/HaveYouRegisteredForVATMOSSViewSpec$$anonfun$createViewUsingForm$1
Event: 10.442 loading class views/vat/moss/noneu/HaveYouRegisteredForVATMOSSViewSpec$$anonfun$createViewUsingForm$1 done
Event: 10.449 loading class views/vat/moss/noneu/HaveYouRegisteredForVAT$$$$a45ab0364e97df6419e54cdbf9cedfcf$$$$$anonfun$apply$mcV$sp$5
Event: 10.449 loading class views/vat/moss/noneu/HaveYouRegisteredForVAT$$$$a45ab0364e97df6419e54cdbf9cedfcf$$$$$anonfun$apply$mcV$sp$5 done
Event: 10.461 loading class views/vat/moss/noneu/HaveYouRegisteredForVAT$$$$58ea47247391a55ae5f8be721f74f23$$$$$anonfun$apply$mcV$sp$8
Event: 10.461 loading class views/vat/moss/noneu/HaveYouRegisteredForVAT$$$$58ea47247391a55ae5f8be721f74f23$$$$$anonfun$apply$mcV$sp$8 done
Event: 10.461 loading class views/vat/moss/noneu/HaveYouRegisteredForVAT$$$$7b83527b9596369df7bffa266b8e18$$$$$anonfun$apply$mcV$sp$9
Event: 10.461 loading class views/vat/moss/noneu/HaveYouRegisteredForVAT$$$$7b83527b9596369df7bffa266b8e18$$$$$anonfun$apply$mcV$sp$9 done


Dynamic libraries:
00400000-00401000 r-xp 00000000 103:02 16916555                          /usr/lib/jvm/java-8-oracle/jre/bin/java
00600000-00601000 rw-p 00000000 103:02 16916555                          /usr/lib/jvm/java-8-oracle/jre/bin/java
01c2a000-01c4b000 rw-p 00000000 00:00 0                                  [heap]
5caa00000-5e7e00000 rw-p 00000000 00:00 0 
5e7e00000-718e00000 ---p 00000000 00:00 0 
718e00000-736980000 rw-p 00000000 00:00 0 
736980000-7c0000000 ---p 00000000 00:00 0 
7c0000000-7c08e0000 rw-p 00000000 00:00 0 
7c08e0000-800000000 ---p 00000000 00:00 0 
7fbabbfff000-7fbadc000000 rw-p 00000000 00:00 0 
7fbadc000000-7fbadc021000 rw-p 00000000 00:00 0 
7fbadc021000-7fbae0000000 ---p 00000000 00:00 0 
7fbae0000000-7fbae0021000 rw-p 00000000 00:00 0 
7fbae0021000-7fbae4000000 ---p 00000000 00:00 0 
7fbae4000000-7fbae4038000 rw-p 00000000 00:00 0 
7fbae4038000-7fbae8000000 ---p 00000000 00:00 0 
7fbae8000000-7fbae8021000 rw-p 00000000 00:00 0 
7fbae8021000-7fbaec000000 ---p 00000000 00:00 0 
7fbaec000000-7fbaec021000 rw-p 00000000 00:00 0 
7fbaec021000-7fbaf0000000 ---p 00000000 00:00 0 
7fbaf0000000-7fbaf0021000 rw-p 00000000 00:00 0 
7fbaf0021000-7fbaf4000000 ---p 00000000 00:00 0 
7fbaf4000000-7fbaf4049000 rw-p 00000000 00:00 0 
7fbaf4049000-7fbaf8000000 ---p 00000000 00:00 0 
7fbaf8000000-7fbaf8021000 rw-p 00000000 00:00 0 
7fbaf8021000-7fbafc000000 ---p 00000000 00:00 0 
7fbafc000000-7fbafc021000 rw-p 00000000 00:00 0 
7fbafc021000-7fbb00000000 ---p 00000000 00:00 0 
7fbb00000000-7fbb00072000 rw-p 00000000 00:00 0 
7fbb00072000-7fbb04000000 ---p 00000000 00:00 0 
7fbb04000000-7fbb0407b000 rw-p 00000000 00:00 0 
7fbb0407b000-7fbb08000000 ---p 00000000 00:00 0 
7fbb08000000-7fbb08021000 rw-p 00000000 00:00 0 
7fbb08021000-7fbb0c000000 ---p 00000000 00:00 0 
7fbb0c000000-7fbb0c37e000 rw-p 00000000 00:00 0 
7fbb0c37e000-7fbb10000000 ---p 00000000 00:00 0 
7fbb10000000-7fbb1002a000 rw-p 00000000 00:00 0 
7fbb1002a000-7fbb14000000 ---p 00000000 00:00 0 
7fbb14000000-7fbb14021000 rw-p 00000000 00:00 0 
7fbb14021000-7fbb18000000 ---p 00000000 00:00 0 
7fbb18000000-7fbb197c9000 rw-p 00000000 00:00 0 
7fbb197c9000-7fbb1c000000 ---p 00000000 00:00 0 
7fbb1c000000-7fbb1c021000 rw-p 00000000 00:00 0 
7fbb1c021000-7fbb20000000 ---p 00000000 00:00 0 
7fbb20000000-7fbb20064000 rw-p 00000000 00:00 0 
7fbb20064000-7fbb24000000 ---p 00000000 00:00 0 
7fbb24000000-7fbb24d57000 rw-p 00000000 00:00 0 
7fbb24d57000-7fbb28000000 ---p 00000000 00:00 0 
7fbb28000000-7fbb28021000 rw-p 00000000 00:00 0 
7fbb28021000-7fbb2c000000 ---p 00000000 00:00 0 
7fbb2c000000-7fbb2dea4000 rw-p 00000000 00:00 0 
7fbb2dea4000-7fbb30000000 ---p 00000000 00:00 0 
7fbb30000000-7fbb32724000 rw-p 00000000 00:00 0 
7fbb32724000-7fbb34000000 ---p 00000000 00:00 0 
7fbb34000000-7fbb34021000 rw-p 00000000 00:00 0 
7fbb34021000-7fbb38000000 ---p 00000000 00:00 0 
7fbb38000000-7fbb38021000 rw-p 00000000 00:00 0 
7fbb38021000-7fbb3c000000 ---p 00000000 00:00 0 
7fbb3c000000-7fbb3c021000 rw-p 00000000 00:00 0 
7fbb3c021000-7fbb40000000 ---p 00000000 00:00 0 
7fbb40550000-7fbb50000000 rw-p 00000000 00:00 0 
7fbb50000000-7fbb50021000 rw-p 00000000 00:00 0 
7fbb50021000-7fbb54000000 ---p 00000000 00:00 0 
7fbb54000000-7fbb54021000 rw-p 00000000 00:00 0 
7fbb54021000-7fbb58000000 ---p 00000000 00:00 0 
7fbb58000000-7fbb58021000 rw-p 00000000 00:00 0 
7fbb58021000-7fbb5c000000 ---p 00000000 00:00 0 
7fbb5de39000-7fbb5e039000 rw-p 00000000 00:00 0 
7fbb5e039000-7fbb5e03c000 ---p 00000000 00:00 0 
7fbb5e03c000-7fbb5e13a000 rw-p 00000000 00:00 0 
7fbb5e13a000-7fbb5e13d000 ---p 00000000 00:00 0 
7fbb5e13d000-7fbb5e43b000 rw-p 00000000 00:00 0 
7fbb5e43b000-7fbb5e43e000 ---p 00000000 00:00 0 
7fbb5e43e000-7fbb5e53c000 rw-p 00000000 00:00 0 
7fbb5e53c000-7fbb5e53f000 ---p 00000000 00:00 0 
7fbb5e53f000-7fbb5e63d000 rw-p 00000000 00:00 0 
7fbb5e63d000-7fbb5e640000 ---p 00000000 00:00 0 
7fbb5e640000-7fbb5e73e000 rw-p 00000000 00:00 0 
7fbb5e83b000-7fbb5ea3b000 rw-p 00000000 00:00 0 
7fbb5ea3b000-7fbb5ea3e000 ---p 00000000 00:00 0 
7fbb5ea3e000-7fbb5eb3c000 rw-p 00000000 00:00 0 
7fbb5eb3c000-7fbb5eb3f000 ---p 00000000 00:00 0 
7fbb5eb3f000-7fbb5ec3d000 rw-p 00000000 00:00 0 
7fbb5ec3d000-7fbb5ec40000 ---p 00000000 00:00 0 
7fbb5ec40000-7fbb5ed3e000 rw-p 00000000 00:00 0 
7fbb5edfe000-7fbb5ee01000 ---p 00000000 00:00 0 
7fbb5ee01000-7fbb5eeff000 rw-p 00000000 00:00 0 
7fbb5eeff000-7fbb5ef02000 ---p 00000000 00:00 0 
7fbb5ef02000-7fbb5f200000 rw-p 00000000 00:00 0 
7fbb5f200000-7fbb5f400000 rw-p 00000000 00:00 0 
7fbb5f400000-7fbb5f5f6000 rw-p 00000000 00:00 0 
7fbb5f5f6000-7fbb5f600000 ---p 00000000 00:00 0 
7fbb5f600000-7fbb5f800000 rw-p 00000000 00:00 0 
7fbb5f800000-7fbb5fa00000 rw-p 00000000 00:00 0 
7fbb5fa00000-7fbb5fc00000 rw-p 00000000 00:00 0 
7fbb5fc00000-7fbb5fe00000 rw-p 00000000 00:00 0 
7fbb5fe00000-7fbb60000000 rw-p 00000000 00:00 0 
7fbb60000000-7fbb60021000 rw-p 00000000 00:00 0 
7fbb60021000-7fbb64000000 ---p 00000000 00:00 0 
7fbb64017000-7fbb6401a000 ---p 00000000 00:00 0 
7fbb6401a000-7fbb64318000 rw-p 00000000 00:00 0 
7fbb64318000-7fbb64518000 rw-p 00000000 00:00 0 
7fbb64518000-7fbb64718000 rw-p 00000000 00:00 0 
7fbb64718000-7fbb64918000 rw-p 00000000 00:00 0 
7fbb64918000-7fbb64b18000 rw-p 00000000 00:00 0 
7fbb64b18000-7fbb64b29000 r-xp 00000000 103:02 16916886                  /usr/lib/jvm/java-8-oracle/jre/lib/amd64/libnio.so
7fbb64b29000-7fbb64d28000 ---p 00011000 103:02 16916886                  /usr/lib/jvm/java-8-oracle/jre/lib/amd64/libnio.so
7fbb64d28000-7fbb64d29000 rw-p 00010000 103:02 16916886                  /usr/lib/jvm/java-8-oracle/jre/lib/amd64/libnio.so
7fbb64d29000-7fbb64d40000 r-xp 00000000 103:02 7209238                   /lib/x86_64-linux-gnu/libgcc_s.so.1
7fbb64d40000-7fbb64f3f000 ---p 00017000 103:02 7209238                   /lib/x86_64-linux-gnu/libgcc_s.so.1
7fbb64f3f000-7fbb64f40000 r--p 00016000 103:02 7209238                   /lib/x86_64-linux-gnu/libgcc_s.so.1
7fbb64f40000-7fbb64f41000 rw-p 00017000 103:02 7209238                   /lib/x86_64-linux-gnu/libgcc_s.so.1
7fbb64f41000-7fbb64f73000 r-xp 00000000 103:02 16916835                  /usr/lib/jvm/java-8-oracle/jre/lib/amd64/libsunec.so
7fbb64f73000-7fbb65172000 ---p 00032000 103:02 16916835                  /usr/lib/jvm/java-8-oracle/jre/lib/amd64/libsunec.so
7fbb65172000-7fbb65178000 rw-p 00031000 103:02 16916835                  /usr/lib/jvm/java-8-oracle/jre/lib/amd64/libsunec.so
7fbb65178000-7fbb65388000 rw-p 00000000 00:00 0 
7fbb65388000-7fbb6538b000 ---p 00000000 00:00 0 
7fbb6538b000-7fbb65489000 rw-p 00000000 00:00 0 
7fbb65489000-7fbb6548c000 ---p 00000000 00:00 0 
7fbb6548c000-7fbb6558a000 rw-p 00000000 00:00 0 
7fbb6558a000-7fbb6558d000 ---p 00000000 00:00 0 
7fbb6558d000-7fbb6568b000 rw-p 00000000 00:00 0 
7fbb6568b000-7fbb6568e000 ---p 00000000 00:00 0 
7fbb6568e000-7fbb6578c000 rw-p 00000000 00:00 0 
7fbb6578c000-7fbb6578f000 ---p 00000000 00:00 0 
7fbb6578f000-7fbb65a8d000 rw-p 00000000 00:00 0 
7fbb65aa2000-7fbb65ab5000 r--s 00345000 103:02 16916590                  /usr/lib/jvm/java-8-oracle/jre/lib/resources.jar
7fbb65ab5000-7fbb65ab8000 ---p 00000000 00:00 0 
7fbb65ab8000-7fbb65bb6000 rw-p 00000000 00:00 0 
7fbb65bb6000-7fbb65bb9000 ---p 00000000 00:00 0 
7fbb65bb9000-7fbb65eb7000 rw-p 00000000 00:00 0 
7fbb65eb7000-7fbb660b7000 rw-p 00000000 00:00 0 
7fbb660b7000-7fbb662b7000 rw-p 00000000 00:00 0 
7fbb662b7000-7fbb662ce000 r-xp 00000000 103:02 7209329                   /lib/x86_64-linux-gnu/libresolv-2.27.so
7fbb662ce000-7fbb664ce000 ---p 00017000 103:02 7209329                   /lib/x86_64-linux-gnu/libresolv-2.27.so
7fbb664ce000-7fbb664cf000 r--p 00017000 103:02 7209329                   /lib/x86_64-linux-gnu/libresolv-2.27.so
7fbb664cf000-7fbb664d0000 rw-p 00018000 103:02 7209329                   /lib/x86_64-linux-gnu/libresolv-2.27.so
7fbb664d0000-7fbb664d2000 rw-p 00000000 00:00 0 
7fbb664d2000-7fbb664d7000 r-xp 00000000 103:02 7209139                   /lib/x86_64-linux-gnu/libnss_dns-2.27.so
7fbb664d7000-7fbb666d7000 ---p 00005000 103:02 7209139                   /lib/x86_64-linux-gnu/libnss_dns-2.27.so
7fbb666d7000-7fbb666d8000 r--p 00005000 103:02 7209139                   /lib/x86_64-linux-gnu/libnss_dns-2.27.so
7fbb666d8000-7fbb666d9000 rw-p 00006000 103:02 7209139                   /lib/x86_64-linux-gnu/libnss_dns-2.27.so
7fbb666d9000-7fbb666db000 r-xp 00000000 103:02 7210900                   /lib/x86_64-linux-gnu/libnss_mdns4_minimal.so.2
7fbb666db000-7fbb668da000 ---p 00002000 103:02 7210900                   /lib/x86_64-linux-gnu/libnss_mdns4_minimal.so.2
7fbb668da000-7fbb668db000 r--p 00001000 103:02 7210900                   /lib/x86_64-linux-gnu/libnss_mdns4_minimal.so.2
7fbb668db000-7fbb668dc000 rw-p 00002000 103:02 7210900                   /lib/x86_64-linux-gnu/libnss_mdns4_minimal.so.2
7fbb668ed000-7fbb668f2000 r--s 0003e000 103:02 16916740                  /usr/lib/jvm/java-8-oracle/jre/lib/ext/sunjce_provider.jar
7fbb668f2000-7fbb668f4000 r--s 00009000 103:02 16916730                  /usr/lib/jvm/java-8-oracle/jre/lib/ext/sunec.jar
7fbb668f4000-7fbb668f7000 r--s 0003a000 103:02 16916737                  /usr/lib/jvm/java-8-oracle/jre/lib/ext/sunpkcs11.jar
7fbb668f7000-7fbb668fa000 r--s 0001a000 103:02 16916597                  /usr/lib/jvm/java-8-oracle/jre/lib/jce.jar
7fbb668fa000-7fbb66afa000 rw-p 00000000 00:00 0 
7fbb66afa000-7fbb66afb000 r--p 00000000 103:02 14561182                  /usr/share/locale-langpack/en_GB/LC_MESSAGES/libc.mo
7fbb66afb000-7fbb66afd000 r--s 00002000 103:02 19794744                  /home/kurt/.sbt/boot/scala-2.10.7/org.scala-sbt/sbt/0.13.17/test-interface-1.0.jar
7fbb66afd000-7fbb66cfd000 rw-p 00000000 00:00 0 
7fbb66cfd000-7fbb66d00000 ---p 00000000 00:00 0 
7fbb66d00000-7fbb66ffe000 rw-p 00000000 00:00 0 
7fbb66ffe000-7fbb671fe000 rw-p 00000000 00:00 0 
7fbb671fe000-7fbb673fe000 rw-p 00000000 00:00 0 
7fbb673fe000-7fbb67401000 ---p 00000000 00:00 0 
7fbb67401000-7fbb674ff000 rw-p 00000000 00:00 0 
7fbb674ff000-7fbb67502000 ---p 00000000 00:00 0 
7fbb67502000-7fbb67800000 rw-p 00000000 00:00 0 
7fbb67800000-7fbb67805000 r--s 0009a000 103:02 16916591                  /usr/lib/jvm/java-8-oracle/jre/lib/jsse.jar
7fbb67805000-7fbb67836000 rw-p 00000000 00:00 0 
7fbb67836000-7fbb6784d000 r-xp 00000000 103:02 16916883                  /usr/lib/jvm/java-8-oracle/jre/lib/amd64/libnet.so
7fbb6784d000-7fbb67a4c000 ---p 00017000 103:02 16916883                  /usr/lib/jvm/java-8-oracle/jre/lib/amd64/libnet.so
7fbb67a4c000-7fbb67a4d000 rw-p 00016000 103:02 16916883                  /usr/lib/jvm/java-8-oracle/jre/lib/amd64/libnet.so
7fbb67a4d000-7fbb67a4e000 r--s 00005000 103:02 19794707                  /home/kurt/.sbt/boot/scala-2.10.7/org.scala-sbt/sbt/0.13.17/test-agent-0.13.17.jar
7fbb67a4e000-7fbb67a6c000 r--s 00110000 103:02 3284                      /home/kurt/Documents/github/hmrc/add-taxes-frontend/lib_managed/jars/org.mockito/mockito-all/mockito-all-1.10.19.jar
7fbb67a6c000-7fbb67a72000 r--s 00051000 103:02 3273                      /home/kurt/Documents/github/hmrc/add-taxes-frontend/lib_managed/jars/org.jsoup/jsoup/jsoup-1.10.3.jar
7fbb67a72000-7fbb67a7e000 r--s 00096000 103:02 3317                      /home/kurt/Documents/github/hmrc/add-taxes-frontend/lib_managed/jars/com.typesafe.play/play-ws_2.11/play-ws_2.11-2.5.16.jar
7fbb67a7e000-7fbb67a7f000 r--s 00004000 103:02 1771                      /home/kurt/Documents/github/hmrc/add-taxes-frontend/lib_managed/jars/com.typesafe.akka/akka-slf4j_2.11/akka-slf4j_2.11-2.4.18.jar
7fbb67a7f000-7fbb67aaf000 r--s 00306000 103:02 2991                      /home/kurt/Documents/github/hmrc/add-taxes-frontend/lib_managed/jars/com.typesafe.akka/akka-actor_2.11/akka-actor_2.11-2.4.18.jar
7fbb67aaf000-7fbb67afc000 r--s 003ef000 103:02 2982                      /home/kurt/Documents/github/hmrc/add-taxes-frontend/lib_managed/jars/com.typesafe.akka/akka-stream_2.11/akka-stream_2.11-2.4.18.jar
7fbb67afc000-7fbb67b03000 r--s 00042000 103:02 3165                      /home/kurt/Documents/github/hmrc/add-taxes-frontend/lib_managed/jars/com.typesafe.play/play-streams_2.11/play-streams_2.11-2.5.16.jar
7fbb67b03000-7fbb67b04000 r--s 00004000 103:02 3127                      /home/kurt/Documents/github/hmrc/add-taxes-frontend/lib_managed/jars/com.typesafe.play/play-netty-utils/play-netty-utils-2.5.16.jar
7fbb67b04000-7fbb67b06000 r--s 00000000 103:02 3017                      /home/kurt/Documents/github/hmrc/add-taxes-frontend/lib_managed/jars/com.typesafe.play/play-exceptions/play-exceptions-2.5.16.jar
7fbb67b06000-7fbb67b07000 r--s 00000000 103:02 2975                      /home/kurt/Documents/github/hmrc/add-taxes-frontend/lib_managed/jars/com.typesafe.play/build-link/build-link-2.5.16.jar
7fbb67b07000-7fbb67b5a000 r--s 0039a000 103:02 3193                      /home/kurt/Documents/github/hmrc/add-taxes-frontend/lib_managed/jars/com.typesafe.play/play_2.11/play_2.11-2.5.16.jar
7fbb67b5a000-7fbb67b61000 r--s 00041000 103:02 1788                      /home/kurt/Documents/github/hmrc/add-taxes-frontend/lib_managed/jars/com.typesafe.play/play-server_2.11/play-server_2.11-2.5.16.jar
7fbb67b61000-7fbb67b66000 r--s 0002b000 103:02 3032                      /home/kurt/Documents/github/hmrc/add-taxes-frontend/lib_managed/jars/com.typesafe.play/play-netty-server_2.11/play-netty-server_2.11-2.5.16.jar
7fbb67b66000-7fbb67b69000 r--s 0001f000 103:02 3102                      /home/kurt/Documents/github/hmrc/add-taxes-frontend/lib_managed/jars/com.typesafe.play/play-test_2.11/play-test_2.11-2.5.16.jar
7fbb67b69000-7fbb67b6e000 r--s 0005d000 103:02 3291                      /home/kurt/Documents/github/hmrc/add-taxes-frontend/lib_managed/jars/org.seleniumhq.selenium/selenium-leg-rc/selenium-leg-rc-2.53.1.jar
7fbb67b6e000-7fbb67b73000 r--s 00025000 103:02 3151                      /home/kurt/Documents/github/hmrc/add-taxes-frontend/lib_managed/jars/org.seleniumhq.selenium/selenium-support/selenium-support-2.53.1.jar
7fbb67b73000-7fbb67b75000 r--s 00014000 103:02 1752                      /home/kurt/Documents/github/hmrc/add-taxes-frontend/lib_managed/jars/org.seleniumhq.selenium/selenium-safari-driver/selenium-safari-driver-2.53.1.jar
7fbb67b75000-7fbb67b76000 r--s 00002000 103:02 3036                      /home/kurt/Documents/github/hmrc/add-taxes-frontend/lib_managed/jars/org.seleniumhq.selenium/selenium-ie-driver/selenium-ie-driver-2.53.1.jar
7fbb67b76000-7fbb67b78000 r--s 000c7000 103:02 2972                      /home/kurt/Documents/github/hmrc/add-taxes-frontend/lib_managed/jars/org.seleniumhq.selenium/selenium-firefox-driver/selenium-firefox-driver-2.53.1.jar
7fbb67b78000-7fbb67b7a000 r--s 0000e000 103:02 1758                      /home/kurt/Documents/github/hmrc/add-taxes-frontend/lib_managed/jars/org.seleniumhq.selenium/htmlunit-driver/htmlunit-driver-2.21.jar
7fbb67b7a000-7fbb67b7b000 r--s 00001000 103:02 3297                      /home/kurt/Documents/github/hmrc/add-taxes-frontend/lib_managed/jars/org.seleniumhq.selenium/selenium-edge-driver/selenium-edge-driver-2.53.1.jar
7fbb67b7b000-7fbb67b80000 r--s 0001f000 103:02 3252                      /home/kurt/Documents/github/hmrc/add-taxes-frontend/lib_managed/jars/org.seleniumhq.selenium/selenium-api/selenium-api-2.53.1.jar
7fbb67b80000-7fbb67b85000 r--s 00035000 103:02 3170                      /home/kurt/Documents/github/hmrc/add-taxes-frontend/lib_managed/jars/org.seleniumhq.selenium/selenium-remote-driver/selenium-remote-driver-2.53.1.jar
7fbb67b85000-7fbb67b86000 r--s 00002000 103:02 1800                      /home/kurt/Documents/github/hmrc/add-taxes-frontend/lib_managed/jars/org.seleniumhq.selenium/selenium-chrome-driver/selenium-chrome-driver-2.53.1.jar
7fbb67b86000-7fbb67b87000 r--s 00000000 103:02 1815                      /home/kurt/Documents/github/hmrc/add-taxes-frontend/lib_managed/jars/org.seleniumhq.selenium/selenium-java/selenium-java-2.53.1.jar
7fbb67b87000-7fbb67b8b000 r--s 00030000 103:02 3011                      /home/kurt/Documents/github/hmrc/add-taxes-frontend/lib_managed/jars/org.scalatestplus.play/scalatestplus-play_2.11/scalatestplus-play_2.11-2.0.1.jar
7fbb67b8b000-7fbb67b8c000 r--s 0000a000 103:02 1783                      /home/kurt/Documents/github/hmrc/add-taxes-frontend/lib_managed/jars/org.ow2.asm/asm-util/asm-util-5.0.3.jar
7fbb67b8c000-7fbb67b8d000 r--s 00004000 103:02 3064                      /home/kurt/Documents/github/hmrc/add-taxes-frontend/lib_managed/jars/org.ow2.asm/asm-analysis/asm-analysis-5.0.3.jar
7fbb67b8d000-7fbb67b8f000 r--s 00006000 103:02 3278                      /home/kurt/Documents/github/hmrc/add-taxes-frontend/lib_managed/jars/org.ow2.asm/asm-tree/asm-tree-5.0.3.jar
7fbb67b8f000-7fbb67b90000 r--s 0000c000 103:02 1872                      /home/kurt/Documents/github/hmrc/add-taxes-frontend/lib_managed/jars/org.ow2.asm/asm/asm-5.0.3.jar
7fbb67b90000-7fbb67b95000 r--s 00029000 103:02 3122                      /home/kurt/Documents/github/hmrc/add-taxes-frontend/lib_managed/jars/org.parboiled/parboiled-core/parboiled-core-1.1.7.jar
7fbb67b95000-7fbb67b97000 r--s 00010000 103:02 1778                      /home/kurt/Documents/github/hmrc/add-taxes-frontend/lib_managed/jars/org.parboiled/parboiled-java/parboiled-java-1.1.7.jar
7fbb67b97000-7fbb67b9a000 r--s 00011000 103:02 3114                      /home/kurt/Documents/github/hmrc/add-taxes-frontend/lib_managed/jars/org.pegdown/pegdown/pegdown-1.6.0.jar
7fbb67b9a000-7fbb67be6000 r--s 00418000 103:02 3174                      /home/kurt/Documents/github/hmrc/add-taxes-frontend/lib_managed/jars/org.scala-lang/scala-reflect/scala-reflect-2.11.11.jar
7fbb67be6000-7fbb67bf0000 r--s 000ab000 103:02 3184                      /home/kurt/Documents/github/hmrc/add-taxes-frontend/lib_managed/bundles/org.scalactic/scalactic_2.11/scalactic_2.11-3.0.4.jar
7fbb67bf0000-7fbb67c9b000 r--s 00946000 103:02 3125                      /home/kurt/Documents/github/hmrc/add-taxes-frontend/lib_managed/bundles/org.scalatest/scalatest_2.11/scalatest_2.11-3.0.4.jar
7fbb67c9b000-7fbb67c9e000 r--s 00018000 103:02 3136                      /home/kurt/Documents/github/hmrc/add-taxes-frontend/lib_managed/jars/uk.gov.hmrc/hmrctest_2.11/hmrctest_2.11-3.0.0.jar
7fbb67c9e000-7fbb67caf000 r--s 00155000 103:02 3178                      /home/kurt/Documents/github/hmrc/add-taxes-frontend/lib_managed/jars/net.java.dev.jna/jna-platform/jna-platform-4.1.0.jar
7fbb67caf000-7fbb67cb3000 r--s 000dc000 103:02 3081                      /home/kurt/Documents/github/hmrc/add-taxes-frontend/lib_managed/jars/net.java.dev.jna/jna/jna-4.1.0.jar
7fbb67cb3000-7fbb67cb5000 r--s 0000c000 103:02 3196                      /home/kurt/Documents/github/hmrc/add-taxes-frontend/lib_managed/jars/org.apache.commons/commons-exec/commons-exec-1.3.jar
7fbb67cb5000-7fbb67cba000 r--s 0002f000 103:02 3060                      /home/kurt/Documents/github/hmrc/add-taxes-frontend/lib_managed/jars/com.google.code.gson/gson/gson-2.3.1.jar
7fbb67cba000-7fbb67cc1000 r--s 00049000 103:02 3143                      /home/kurt/Documents/github/hmrc/add-taxes-frontend/lib_managed/jars/cglib/cglib-nodep/cglib-nodep-2.1_3.jar
7fbb67cc1000-7fbb67cc4000 r--s 00014000 103:02 3078                      /home/kurt/Documents/github/hmrc/add-taxes-frontend/lib_managed/jars/org.fluentlenium/fluentlenium-core/fluentlenium-core-0.10.9.jar
7fbb67cc4000-7fbb67cc6000 r--s 00009000 103:02 1864                      /home/kurt/Documents/github/hmrc/add-taxes-frontend/lib_managed/jars/org.eclipse.jetty.websocket/websocket-api/websocket-api-9.2.15.v20160210.jar
7fbb67cc6000-7fbb67ccb000 r--s 00028000 103:02 3027                      /home/kurt/Documents/github/hmrc/add-taxes-frontend/lib_managed/jars/org.eclipse.jetty.websocket/websocket-common/websocket-common-9.2.15.v20160210.jar
7fbb67ccb000-7fbb67cce000 r--s 00018000 103:02 1768                      /home/kurt/Documents/github/hmrc/add-taxes-frontend/lib_managed/jars/org.eclipse.jetty/jetty-io/jetty-io-9.2.15.v20160210.jar
7fbb67cce000-7fbb67cd4000 r--s 00054000 103:02 3319                      /home/kurt/Documents/github/hmrc/add-taxes-frontend/lib_managed/jars/org.eclipse.jetty/jetty-util/jetty-util-9.2.15.v20160210.jar
7fbb67cd4000-7fbb67cd5000 r--s 00008000 103:02 3084                      /home/kurt/Documents/github/hmrc/add-taxes-frontend/lib_managed/jars/org.eclipse.jetty.websocket/websocket-client/websocket-client-9.2.15.v20160210.jar
7fbb67cd5000-7fbb67cd6000 r--s 00003000 103:02 3192                      /home/kurt/Documents/github/hmrc/add-taxes-frontend/lib_managed/jars/org.w3c.css/sac/sac-1.3.jar
7fbb67cd6000-7fbb67cda000 r--s 00058000 103:02 3263                      /home/kurt/Documents/github/hmrc/add-taxes-frontend/lib_managed/jars/net.sourceforge.cssparser/cssparser/cssparser-0.9.18.jar
7fbb67cda000-7fbb67cdc000 r--s 0001d000 103:02 1831                      /home/kurt/Documents/github/hmrc/add-taxes-frontend/lib_managed/jars/net.sourceforge.nekohtml/nekohtml/nekohtml-1.9.22.jar
7fbb67cdc000-7fbb67cea000 r--s 000fc000 103:02 3075                      /home/kurt/Documents/github/hmrc/add-taxes-frontend/lib_managed/jars/net.sourceforge.htmlunit/htmlunit-core-js/htmlunit-core-js-2.17.jar
7fbb67cea000-7fbb67cec000 r--s 00009000 103:02 1855                      /home/kurt/Documents/github/hmrc/add-taxes-frontend/lib_managed/jars/org.apache.httpcomponents/httpmime/httpmime-4.5.2.jar
7fbb67cec000-7fbb67cf0000 r--s 00040000 103:02 3221                      /home/kurt/Documents/github/hmrc/add-taxes-frontend/lib_managed/jars/xalan/serializer/serializer-2.7.2.jar
7fbb67cf0000-7fbb67d15000 r--s 002de000 103:02 3181                      /home/kurt/Documents/github/hmrc/add-taxes-frontend/lib_managed/jars/xalan/xalan/xalan-2.7.2.jar
7fbb67d15000-7fbb67d3b000 r--s 0019d000 103:02 2996                      /home/kurt/Documents/github/hmrc/add-taxes-frontend/lib_managed/jars/net.sourceforge.htmlunit/htmlunit/htmlunit-2.20.jar
7fbb67d3b000-7fbb67d3d000 r--s 00003000 103:02 3001                      /home/kurt/Documents/github/hmrc/add-taxes-frontend/lib_managed/jars/com.google.code.findbugs/jsr305/jsr305-3.0.1.jar
7fbb67d3d000-7fbb67d3f000 r--s 00002000 103:02 1894                      /home/kurt/Documents/github/hmrc/add-taxes-frontend/lib_managed/jars/org.scala-sbt/test-interface/test-interface-1.0.jar
7fbb67d3f000-7fbb67d41000 r--s 00006000 103:02 3096                      /home/kurt/Documents/github/hmrc/add-taxes-frontend/lib_managed/jars/com.novocode/junit-interface/junit-interface-0.11.jar
7fbb67d41000-7fbb67d43000 r--s 00009000 103:02 3212                      /home/kurt/Documents/github/hmrc/add-taxes-frontend/lib_managed/jars/org.hamcrest/hamcrest-core/hamcrest-core-1.3.jar
7fbb67d43000-7fbb67d4b000 r--s 00045000 103:02 3309                      /home/kurt/Documents/github/hmrc/add-taxes-frontend/lib_managed/jars/junit/junit/junit-4.12.jar
7fbb67d4b000-7fbb67d4d000 r--s 0000c000 103:02 3243                      /home/kurt/Documents/github/hmrc/add-taxes-frontend/lib_managed/jars/uk.gov.hmrc/play-partials_2.11/play-partials_2.11-6.1.0.jar
7fbb67d4d000-7fbb67db0000 r--s 00a3a000 103:02 3316                      /home/kurt/Documents/github/hmrc/add-taxes-frontend/lib_managed/jars/com.ibm.icu/icu4j/icu4j-54.1.1.jar
7fbb67db0000-7fbb67db1000 r--s 0000a000 103:02 3110                      /home/kurt/Documents/github/hmrc/add-taxes-frontend/lib_managed/jars/uk.gov.hmrc/url-builder_2.11/url-builder_2.11-2.0.0.jar
7fbb67db1000-7fbb67db3000 r--s 0000b000 103:02 1761                      /home/kurt/Documents/github/hmrc/add-taxes-frontend/lib_managed/jars/uk.gov.hmrc/play-language_2.11/play-language_2.11-3.4.0.jar
7fbb67db3000-7fbb67db5000 r--s 00000000 103:02 1903                      /home/kurt/Documents/github/hmrc/add-taxes-frontend/lib_managed/bundles/io.dropwizard.metrics/metrics-logback/metrics-logback-3.1.2.jar
7fbb67db5000-7fbb67db7000 r--s 00008000 103:02 2989                      /home/kurt/Documents/github/hmrc/add-taxes-frontend/lib_managed/bundles/io.dropwizard.metrics/metrics-jvm/metrics-jvm-3.1.2.jar
7fbb67db7000-7fbb67db8000 r--s 00003000 103:02 3073                      /home/kurt/Documents/github/hmrc/add-taxes-frontend/lib_managed/bundles/io.dropwizard.metrics/metrics-json/metrics-json-3.1.2.jar
7fbb67db8000-7fbb67dba000 r--s 00008000 103:02 3146                      /home/kurt/Documents/github/hmrc/add-taxes-frontend/lib_managed/jars/de.threedimensions/metrics-play_2.11/metrics-play_2.11-2.5.13.jar
7fbb67dba000-7fbb67dbc000 r--s 00009000 103:02 3225                      /home/kurt/Documents/github/hmrc/add-taxes-frontend/lib_managed/jars/org.slf4j/slf4j-api/slf4j-api-1.7.22.jar
7fbb67dbc000-7fbb67dc0000 r--s 0001e000 103:02 3091                      /home/kurt/Documents/github/hmrc/add-taxes-frontend/lib_managed/bundles/io.dropwizard.metrics/metrics-core/metrics-core-3.2.5.jar
7fbb67dc0000-7fbb67dc2000 r--s 00004000 103:02 1806                      /home/kurt/Documents/github/hmrc/add-taxes-frontend/lib_managed/bundles/io.dropwizard.metrics/metrics-graphite/metrics-graphite-3.2.5.jar
7fbb67dc2000-7fbb67dc4000 r--s 0000c000 103:02 3234                      /home/kurt/Documents/github/hmrc/add-taxes-frontend/lib_managed/jars/uk.gov.hmrc/play-config_2.11/play-config_2.11-5.0.0.jar
7fbb67dc4000-7fbb67dc8000 r--s 00018000 103:02 1839                      /home/kurt/Documents/github/hmrc/add-taxes-frontend/lib_managed/jars/net.ceedubs/ficus_2.11/ficus_2.11-1.1.2.jar
7fbb67dc8000-7fbb67dcf000 r--s 0004d000 103:02 3286                      /home/kurt/Documents/github/hmrc/add-taxes-frontend/lib_managed/jars/uk.gov.hmrc/auth-client_2.11/auth-client_2.11-2.6.0.jar
7fbb67dcf000-7fbb67dd9000 r--s 00079000 103:02 1885                      /home/kurt/Documents/github/hmrc/add-taxes-frontend/lib_managed/jars/com.ning/async-http-client/async-http-client-1.8.15.jar
7fbb67dd9000-7fbb67dde000 r--s 00026000 103:02 3218                      /home/kurt/Documents/github/hmrc/add-taxes-frontend/lib_managed/jars/uk.gov.hmrc/play-auditing_2.11/play-auditing_2.11-3.3.0.jar
7fbb67dde000-7fbb67de1000 r--s 00010000 103:02 1765                      /home/kurt/Documents/github/hmrc/add-taxes-frontend/lib_managed/jars/uk.gov.hmrc/http-verbs-play-25_2.11/http-verbs-play-25_2.11-0.10.0.jar
7fbb67de1000-7fbb67de5000 r--s 0002c000 103:02 3019                      /home/kurt/Documents/github/hmrc/add-taxes-frontend/lib_managed/jars/uk.gov.hmrc/http-core_2.11/http-core_2.11-0.7.0.jar
7fbb67de5000-7fbb67de6000 r--s 00001000 103:02 3226                      /home/kurt/Documents/github/hmrc/add-taxes-frontend/lib_managed/jars/com.typesafe.play/play-datacommons_2.11/play-datacommons_2.11-2.5.16.jar
7fbb67de6000-7fbb67def000 r--s 0005c000 103:02 3253                      /home/kurt/Documents/github/hmrc/add-taxes-frontend/lib_managed/jars/com.typesafe.play/play-functional_2.11/play-functional_2.11-2.5.16.jar
7fbb67def000-7fbb67e02000 r--s 000ad000 103:02 3106                      /home/kurt/Documents/github/hmrc/add-taxes-frontend/lib_managed/jars/com.typesafe.play/play-iteratees_2.11/play-iteratees_2.11-2.5.16.jar
7fbb67e02000-7fbb67e0f000 r--s 00092000 103:02 3041                      /home/kurt/Documents/github/hmrc/add-taxes-frontend/lib_managed/jars/com.typesafe.play/play-json_2.11/play-json_2.11-2.5.16.jar
7fbb67e0f000-7fbb67e11000 r--s 0000d000 103:02 3021                      /home/kurt/Documents/github/hmrc/add-taxes-frontend/lib_managed/jars/uk.gov.hmrc/http-verbs_2.11/http-verbs_2.11-7.3.0.jar
7fbb67e11000-7fbb67e14000 r--s 00018000 103:02 2985                      /home/kurt/Documents/github/hmrc/add-taxes-frontend/lib_managed/jars/uk.gov.hmrc/crypto_2.11/crypto_2.11-4.4.0.jar
7fbb67e14000-7fbb67e1d000 r--s 0005e000 103:02 2981                      /home/kurt/Documents/github/hmrc/add-taxes-frontend/lib_managed/jars/com.typesafe.play/filters-helpers_2.11/filters-helpers_2.11-2.5.12.jar
7fbb67e1d000-7fbb67e27000 r--s 00061000 103:02 3069                      /home/kurt/Documents/github/hmrc/add-taxes-frontend/lib_managed/jars/uk.gov.hmrc/bootstrap-play-25_2.11/bootstrap-play-25_2.11-1.6.0.jar
7fbb67e27000-7fbb67e29000 r--s 0000f000 103:02 3023                      /home/kurt/Documents/github/hmrc/add-taxes-frontend/lib_managed/jars/uk.gov.hmrc/play-conditional-form-mapping_2.11/play-conditional-form-mapping_2.11-0.2.0.jar
7fbb67e29000-7fbb67e2b000 r--s 00008000 103:02 3176                      /home/kurt/Documents/github/hmrc/add-taxes-frontend/lib_managed/jars/uk.gov.hmrc/time_2.11/time_2.11-2.0.0.jar
7fbb67e2b000-7fbb67e75000 r--s 002f4000 103:02 3117                      /home/kurt/Documents/github/hmrc/add-taxes-frontend/lib_managed/jars/org.bouncycastle/bcprov-jdk15on/bcprov-jdk15on-1.55.jar
7fbb67e75000-7fbb67e77000 r--s 00006000 103:02 1836                      /home/kurt/Documents/github/hmrc/add-taxes-frontend/lib_managed/jars/uk.gov.hmrc/secure_2.11/secure_2.11-7.1.0.jar
7fbb67e77000-7fbb67e78000 r--s 00003000 103:02 1790                      /home/kurt/Documents/github/hmrc/add-taxes-frontend/lib_managed/jars/uk.gov.hmrc/json-encryption_2.11/json-encryption_2.11-3.2.0.jar
7fbb67e78000-7fbb67e7a000 r--s 0000d000 103:02 2987                      /home/kurt/Documents/github/hmrc/add-taxes-frontend/lib_managed/jars/uk.gov.hmrc/http-caching-client_2.11/http-caching-client_2.11-7.1.0.jar
7fbb67e7a000-7fbb67e88000 r--s 0007f000 103:02 3104                      /home/kurt/Documents/github/hmrc/add-taxes-frontend/lib_managed/jars/uk.gov.hmrc/play-ui_2.11/play-ui_2.11-7.14.0.jar
7fbb67e88000-7fbb67e8a000 r--s 0000c000 103:02 3275                      /home/kurt/Documents/github/hmrc/add-taxes-frontend/lib_managed/jars/uk.gov.hmrc/play-health_2.11/play-health_2.11-2.1.0.jar
7fbb67e8a000-7fbb67e8d000 r--s 000c2000 103:02 3189                      /home/kurt/Documents/github/hmrc/add-taxes-frontend/lib_managed/jars/uk.gov.hmrc/govuk-template_2.11/govuk-template_2.11-5.3.0.jar
7fbb67e8d000-7fbb67e92000 r--s 00040000 103:02 1793                      /home/kurt/Documents/github/hmrc/add-taxes-frontend/lib_managed/bundles/com.typesafe/config/config-1.3.1.jar
7fbb67e92000-7fbb67e96000 r--s 0002a000 103:02 3199                      /home/kurt/Documents/github/hmrc/add-taxes-frontend/lib_managed/jars/commons-io/commons-io/commons-io-2.4.jar
7fbb67e96000-7fbb67e97000 r--s 00003000 103:02 3003                      /home/kurt/Documents/github/hmrc/add-taxes-frontend/lib_managed/jars/uk.gov.hmrc/logback-json-logger_2.11/logback-json-logger_2.11-3.1.0.jar
7fbb67e97000-7fbb67e9c000 r--s 0002d000 103:02 3250                      /home/kurt/Documents/github/hmrc/add-taxes-frontend/lib_managed/jars/com.github.nscala-time/nscala-time_2.11/nscala-time_2.11-2.2.0.jar
7fbb67e9c000-7fbb67e9f000 r--s 00021000 103:02 1879                      /home/kurt/Documents/github/hmrc/add-taxes-frontend/lib_managed/jars/org.apache.logging.log4j/log4j-api/log4j-api-2.5.jar
7fbb67e9f000-7fbb67eb8000 r--s 00123000 103:02 3164                      /home/kurt/Documents/github/hmrc/add-taxes-frontend/lib_managed/bundles/io.netty/netty/netty-3.10.6.Final.jar
7fbb67eb8000-7fbb67efc000 r--s 0032f000 103:02 3129                      /home/kurt/Documents/github/hmrc/add-taxes-frontend/lib_managed/jars/uk.gov.hmrc/reactivemongo-shaded/reactivemongo-shaded-0.14.0.jar
7fbb67efc000-7fbb67f05000 r--s 00069000 103:02 3040                      /home/kurt/Documents/github/hmrc/add-taxes-frontend/lib_managed/jars/uk.gov.hmrc/reactivemongo-bson_2.11/reactivemongo-bson_2.11-0.14.0.jar
7fbb67f05000-7fbb67f0a000 r--s 0002f000 103:02 1763                      /home/kurt/Documents/github/hmrc/add-taxes-frontend/lib_managed/jars/uk.gov.hmrc/reactivemongo-bson-macros_2.11/reactivemongo-bson-macros_2.11-0.14.0.jar
7fbb67f0a000-7fbb67f4d000 r--s 002f1000 103:02 3057                      /home/kurt/Documents/github/hmrc/add-taxes-frontend/lib_managed/jars/uk.gov.hmrc/reactivemongo_2.11/reactivemongo_2.11-0.14.0.jar
7fbb67f4d000-7fbb67f57000 r--s 0009a000 103:02 3205                      /home/kurt/Documents/github/hmrc/add-taxes-frontend/lib_managed/bundles/org.scala-lang.modules/scala-xml_2.11/scala-xml_2.11-1.0.5.jar
7fbb67f57000-7fbb67f69000 r--s 000be000 103:02 3187                      /home/kurt/Documents/github/hmrc/add-taxes-frontend/lib_managed/jars/com.sksamuel.scapegoat/scalac-scapegoat-plugin_2.11/scalac-scapegoat-plugin_2.11-1.3.0.jar
7fbb67f69000-7fbb67f74000 r--s 0006e000 103:02 1834                      /home/kurt/Documents/github/hmrc/add-taxes-frontend/lib_managed/jars/org.reactivemongo/reactivemongo-play-json_2.11/reactivemongo-play-json_2.11-0.12.6-play25.jar
7fbb67f74000-7fbb67f77000 r--s 00020000 103:02 3238                      /home/kurt/Documents/github/hmrc/add-taxes-frontend/lib_managed/jars/uk.gov.hmrc/simple-reactivemongo_2.11/simple-reactivemongo_2.11-6.0.0.jar
7fbb67f77000-7fbb67f7b000 r--s 00017000 103:02 3158                      /home/kurt/Documents/github/hmrc/add-taxes-frontend/lib_managed/jars/uk.gov.hmrc/play-reactivemongo_2.11/play-reactivemongo_2.11-6.0.0.jar
7fbb67f7b000-7fbb67f7d000 r--s 0000e000 103:02 3204                      /home/kurt/Documents/github/hmrc/add-taxes-frontend/lib_managed/jars/commons-logging/commons-logging/commons-logging-1.2.jar
7fbb67f7d000-7fbb67f8a000 r--s 000a7000 103:02 3089                      /home/kurt/Documents/github/hmrc/add-taxes-frontend/lib_managed/jars/org.apache.httpcomponents/httpclient/httpclient-4.5.2.jar
7fbb67f8a000-7fbb67f91000 r--s 00049000 103:02 3265                      /home/kurt/Documents/github/hmrc/add-taxes-frontend/lib_managed/jars/org.apache.httpcomponents/httpcore/httpcore-4.4.4.jar
7fbb67f91000-7fbb67f92000 r--s 00001000 103:02 3236                      /home/kurt/Documents/github/hmrc/add-taxes-frontend/lib_managed/jars/oauth.signpost/signpost-commonshttp4/signpost-commonshttp4-1.2.1.2.jar
7fbb67f92000-7fbb67f95000 r--s 00009000 103:02 1891                      /home/kurt/Documents/github/hmrc/add-taxes-frontend/lib_managed/jars/oauth.signpost/signpost-core/signpost-core-1.2.1.2.jar
7fbb67f95000-7fbb67f9f000 r--s 000aa000 103:02 2979                      /home/kurt/Documents/github/hmrc/add-taxes-frontend/lib_managed/bundles/org.javassist/javassist/javassist-3.21.0-GA.jar
7fbb67f9f000-7fbb67fa0000 r--s 0000b000 103:02 3005                      /home/kurt/Documents/github/hmrc/add-taxes-frontend/lib_managed/jars/org.asynchttpclient/netty-codec-dns/netty-codec-dns-2.0.24.jar
7fbb67fa0000-7fbb67fa1000 r--s 00005000 103:02 3112                      /home/kurt/Documents/github/hmrc/add-taxes-frontend/lib_managed/jars/org.asynchttpclient/netty-resolver/netty-resolver-2.0.24.jar
7fbb67fa1000-7fbb67fa3000 r--s 0000f000 103:02 1901                      /home/kurt/Documents/github/hmrc/add-taxes-frontend/lib_managed/jars/org.asynchttpclient/netty-resolver-dns/netty-resolver-dns-2.0.24.jar
7fbb67fa3000-7fbb67fa6000 r--s 00022000 103:02 1780                      /home/kurt/Documents/github/hmrc/add-taxes-frontend/lib_managed/jars/io.netty/netty-transport-native-epoll/netty-transport-native-epoll-4.0.42.Final-linux-x86_64.jar
7fbb67fa6000-7fbb67fac000 r--s 00046000 103:02 2983                      /home/kurt/Documents/github/hmrc/add-taxes-frontend/lib_managed/jars/io.netty/netty-handler/netty-handler-4.0.42.Final.jar
7fbb67fac000-7fbb67fb4000 r--s 00054000 103:02 3298                      /home/kurt/Documents/github/hmrc/add-taxes-frontend/lib_managed/jars/io.netty/netty-transport/netty-transport-4.0.42.Final.jar
7fbb67fb4000-7fbb67fb8000 r--s 00021000 103:02 3055                      /home/kurt/Documents/github/hmrc/add-taxes-frontend/lib_managed/jars/io.netty/netty-codec/netty-codec-4.0.42.Final.jar
7fbb67fb8000-7fbb67fc1000 r--s 00067000 103:02 3029                      /home/kurt/Documents/github/hmrc/add-taxes-frontend/lib_managed/jars/io.netty/netty-codec-http/netty-codec-http-4.0.42.Final.jar
7fbb67fc1000-7fbb67fcb000 r--s 00078000 103:02 3312                      /home/kurt/Documents/github/hmrc/add-taxes-frontend/lib_managed/jars/io.netty/netty-common/netty-common-4.0.42.Final.jar
7fbb67fcb000-7fbb67fd4000 r--s 00060000 103:02 3228                      /home/kurt/Documents/github/hmrc/add-taxes-frontend/lib_managed/jars/org.asynchttpclient/async-http-client/async-http-client-2.0.24.jar
7fbb67fd4000-7fbb68000000 r--s 00208000 103:02 3067                      /home/kurt/Documents/github/hmrc/add-taxes-frontend/lib_managed/bundles/com.google.guava/guava/guava-19.0.jar
7fbb68000000-7fbb68021000 rw-p 00000000 00:00 0 
7fbb68021000-7fbb6c000000 ---p 00000000 00:00 0 
7fbb6c000000-7fbb6c004000 r--s 00033000 103:02 3044                      /home/kurt/Documents/github/hmrc/add-taxes-frontend/lib_managed/jars/io.netty/netty-buffer/netty-buffer-4.0.42.Final.jar
7fbb6c004000-7fbb6c005000 r--s 00001000 103:02 3025                      /home/kurt/Documents/github/hmrc/add-taxes-frontend/lib_managed/jars/org.asynchttpclient/async-http-client-netty-utils/async-http-client-netty-utils-2.0.24.jar
7fbb6c005000-7fbb6c00f000 r--s 00069000 103:02 3201                      /home/kurt/Documents/github/hmrc/add-taxes-frontend/lib_managed/jars/ch.qos.logback/logback-core/logback-core-1.1.7.jar
7fbb6c00f000-7fbb6c016000 r--s 00044000 103:02 3154                      /home/kurt/Documents/github/hmrc/add-taxes-frontend/lib_managed/jars/ch.qos.logback/logback-classic/logback-classic-1.1.7.jar
7fbb6c016000-7fbb6c017000 r--s 00005000 103:02 3046                      /home/kurt/Documents/github/hmrc/add-taxes-frontend/lib_managed/jars/com.typesafe.play/play-logback_2.11/play-logback_2.11-2.5.12.jar
7fbb6c017000-7fbb6c019000 r--s 00004000 103:02 1888                      /home/kurt/Documents/github/hmrc/add-taxes-frontend/lib_managed/jars/com.typesafe.netty/netty-reactive-streams/netty-reactive-streams-1.0.8.jar
7fbb6c019000-7fbb6c01a000 r--s 00007000 103:02 3311                      /home/kurt/Documents/github/hmrc/add-taxes-frontend/lib_managed/jars/com.typesafe.netty/netty-reactive-streams-http/netty-reactive-streams-http-1.0.8.jar
7fbb6c01a000-7fbb6c01c000 r--s 00009000 103:02 3120                      /home/kurt/Documents/github/hmrc/add-taxes-frontend/lib_managed/jars/com.google.inject.extensions/guice-assistedinject/guice-assistedinject-4.0.jar
7fbb6c01c000-7fbb6c01e000 r--s 00000000 103:02 1882                      /home/kurt/Documents/github/hmrc/add-taxes-frontend/lib_managed/jars/aopalliance/aopalliance/aopalliance-1.0.jar
7fbb6c01e000-7fbb6c01f000 r--s 00000000 103:02 3087                      /home/kurt/Documents/github/hmrc/add-taxes-frontend/lib_managed/jars/javax.inject/javax.inject/javax.inject-1.jar
7fbb6c01f000-7fbb6c02d000 r--s 00096000 103:02 1825                      /home/kurt/Documents/github/hmrc/add-taxes-frontend/lib_managed/jars/com.google.inject/guice/guice-4.0.jar
7fbb6c02d000-7fbb6c02e000 r--s 00003000 103:02 1852                      /home/kurt/Documents/github/hmrc/add-taxes-frontend/lib_managed/jars/javax.transaction/jta/jta-1.1.jar
7fbb6c02e000-7fbb6c037000 r--s 0002d000 103:02 1849                      /home/kurt/Documents/github/hmrc/add-taxes-frontend/lib_managed/jars/xml-apis/xml-apis/xml-apis-1.4.01.jar
7fbb6c037000-7fbb6c050000 r--s 00135000 103:02 3281                      /home/kurt/Documents/github/hmrc/add-taxes-frontend/lib_managed/jars/xerces/xercesImpl/xercesImpl-2.11.0.jar
7fbb6c050000-7fbb6c057000 r--s 0003f000 103:02 1861                      /home/kurt/Documents/github/hmrc/add-taxes-frontend/lib_managed/jars/commons-codec/commons-codec/commons-codec-1.10.jar
7fbb6c057000-7fbb6c062000 r--s 0005d000 103:02 3015                      /home/kurt/Documents/github/hmrc/add-taxes-frontend/lib_managed/bundles/org.scala-lang.modules/scala-parser-combinators_2.11/scala-parser-combinators_2.11-1.0.4.jar
7fbb6c062000-7fbb6c06a000 r--s 00052000 103:02 3156                      /home/kurt/Documents/github/hmrc/add-taxes-frontend/lib_managed/bundles/com.typesafe/ssl-config-core_2.11/ssl-config-core_2.11-0.2.1.jar
7fbb6c06a000-7fbb6c078000 r--s 00081000 103:02 3306                      /home/kurt/Documents/github/hmrc/add-taxes-frontend/lib_managed/bundles/org.scala-lang.modules/scala-java8-compat_2.11/scala-java8-compat_2.11-0.7.0.jar
7fbb6c078000-7fbb6c07a000 r--s 00003000 103:02 3245                      /home/kurt/Documents/github/hmrc/add-taxes-frontend/lib_managed/jars/org.slf4j/jcl-over-slf4j/jcl-over-slf4j-1.7.21.jar
7fbb6c07a000-7fbb6c08b000 r--s 00116000 103:02 3100                      /home/kurt/Documents/github/hmrc/add-taxes-frontend/lib_managed/bundles/com.fasterxml.jackson.core/jackson-databind/jackson-databind-2.7.8.jar
7fbb6c08b000-7fbb6c0e4000 r--s 00523000 103:02 1822                      /home/kurt/Documents/github/hmrc/add-taxes-frontend/lib_managed/jars/org.scala-lang/scala-library/scala-library-2.11.11.jar
7fbb6c0e4000-7fbb6c0e5000 ---p 00000000 00:00 0 
7fbb6c0e5000-7fbb6c1e5000 rw-p 00000000 00:00 0 
7fbb6c1e5000-7fbb6c1e8000 ---p 00000000 00:00 0 
7fbb6c1e8000-7fbb6c2e6000 rw-p 00000000 00:00 0 
7fbb6c2e6000-7fbb6c2e7000 ---p 00000000 00:00 0 
7fbb6c2e7000-7fbb6c2ea000 ---p 00000000 00:00 0 
7fbb6c2ea000-7fbb6c3e7000 rw-p 00000000 00:00 0 
7fbb6c3e7000-7fbb6c3e8000 ---p 00000000 00:00 0 
7fbb6c3e8000-7fbb6c3eb000 ---p 00000000 00:00 0 
7fbb6c3eb000-7fbb6c4e8000 rw-p 00000000 00:00 0 
7fbb6c4e8000-7fbb6c4e9000 ---p 00000000 00:00 0 
7fbb6c4e9000-7fbb6c4ec000 ---p 00000000 00:00 0 
7fbb6c4ec000-7fbb6c5e9000 rw-p 00000000 00:00 0 
7fbb6c5e9000-7fbb6c5ec000 ---p 00000000 00:00 0 
7fbb6c5ec000-7fbb6c6ea000 rw-p 00000000 00:00 0 
7fbb6c6ea000-7fbb6c9c8000 r--p 00000000 103:02 12714130                  /usr/lib/locale/locale-archive
7fbb6c9c8000-7fbb6c9cb000 ---p 00000000 00:00 0 
7fbb6c9cb000-7fbb6cac9000 rw-p 00000000 00:00 0 
7fbb6cac9000-7fbb6cacc000 ---p 00000000 00:00 0 
7fbb6cacc000-7fbb6cbca000 rw-p 00000000 00:00 0 
7fbb6cbca000-7fbb6cbcb000 ---p 00000000 00:00 0 
7fbb6cbcb000-7fbb6dc5e000 rw-p 00000000 00:00 0 
7fbb6dc5e000-7fbb6de37000 r--s 03d5a000 103:02 16916586                  /usr/lib/jvm/java-8-oracle/jre/lib/rt.jar
7fbb6de37000-7fbb6e637000 rw-p 00000000 00:00 0 
7fbb6e637000-7fbb6f6cc000 rw-p 00000000 00:00 0 
7fbb6f6cc000-7fbb70054000 ---p 00000000 00:00 0 
7fbb70054000-7fbb7013e000 rw-p 00000000 00:00 0 
7fbb7013e000-7fbb70ac6000 ---p 00000000 00:00 0 
7fbb70ac6000-7fbb70bb4000 rw-p 00000000 00:00 0 
7fbb70bb4000-7fbb70fff000 ---p 00000000 00:00 0 
7fbb70fff000-7fbb71000000 rw-p 00000000 00:00 0 
7fbb71000000-7fbb721c0000 rwxp 00000000 00:00 0 
7fbb721c0000-7fbb80000000 ---p 00000000 00:00 0 
7fbb80000000-7fbb80b67000 rw-p 00000000 00:00 0 
7fbb80b67000-7fbb84000000 ---p 00000000 00:00 0 
7fbb84000000-7fbb84001000 r--s 00000000 103:02 1867                      /home/kurt/Documents/github/hmrc/add-taxes-frontend/lib_managed/jars/org.reactivestreams/reactive-streams/reactive-streams-1.0.0.jar
7fbb84001000-7fbb84003000 r--s 00000000 103:02 1798                      /home/kurt/Documents/github/hmrc/add-taxes-frontend/lib_managed/jars/org.slf4j/jul-to-slf4j/jul-to-slf4j-1.7.21.jar
7fbb84003000-7fbb84006000 r--s 00013000 103:02 3173                      /home/kurt/Documents/github/hmrc/add-taxes-frontend/lib_managed/bundles/com.fasterxml.jackson.datatype/jackson-datatype-jsr310/jackson-datatype-jsr310-2.7.8.jar
7fbb84006000-7fbb84009000 r--s 0000a000 103:02 3148                      /home/kurt/Documents/github/hmrc/add-taxes-frontend/lib_managed/bundles/com.fasterxml.jackson.core/jackson-annotations/jackson-annotations-2.7.8.jar
7fbb84009000-7fbb8414a000 rw-p 00000000 00:00 0 
7fbb8414a000-7fbb8414b000 ---p 00000000 00:00 0 
7fbb8414b000-7fbb8424b000 rw-p 00000000 00:00 0 
7fbb8424b000-7fbb8424c000 ---p 00000000 00:00 0 
7fbb8424c000-7fbb8434c000 rw-p 00000000 00:00 0 
7fbb8434c000-7fbb8434d000 ---p 00000000 00:00 0 
7fbb8434d000-7fbb8444d000 rw-p 00000000 00:00 0 
7fbb8444d000-7fbb8444e000 ---p 00000000 00:00 0 
7fbb8444e000-7fbb84595000 rw-p 00000000 00:00 0 
7fbb84595000-7fbb8490e000 ---p 00000000 00:00 0 
7fbb8490e000-7fbb84929000 r-xp 00000000 103:02 16916879                  /usr/lib/jvm/java-8-oracle/jre/lib/amd64/libzip.so
7fbb84929000-7fbb84b29000 ---p 0001b000 103:02 16916879                  /usr/lib/jvm/java-8-oracle/jre/lib/amd64/libzip.so
7fbb84b29000-7fbb84b2a000 rw-p 0001b000 103:02 16916879                  /usr/lib/jvm/java-8-oracle/jre/lib/amd64/libzip.so
7fbb84b2a000-7fbb84b35000 r-xp 00000000 103:02 7209140                   /lib/x86_64-linux-gnu/libnss_files-2.27.so
7fbb84b35000-7fbb84d34000 ---p 0000b000 103:02 7209140                   /lib/x86_64-linux-gnu/libnss_files-2.27.so
7fbb84d34000-7fbb84d35000 r--p 0000a000 103:02 7209140                   /lib/x86_64-linux-gnu/libnss_files-2.27.so
7fbb84d35000-7fbb84d36000 rw-p 0000b000 103:02 7209140                   /lib/x86_64-linux-gnu/libnss_files-2.27.so
7fbb84d36000-7fbb84d3c000 rw-p 00000000 00:00 0 
7fbb84d3c000-7fbb84d53000 r-xp 00000000 103:02 7209051                   /lib/x86_64-linux-gnu/libnsl-2.27.so
7fbb84d53000-7fbb84f52000 ---p 00017000 103:02 7209051                   /lib/x86_64-linux-gnu/libnsl-2.27.so
7fbb84f52000-7fbb84f53000 r--p 00016000 103:02 7209051                   /lib/x86_64-linux-gnu/libnsl-2.27.so
7fbb84f53000-7fbb84f54000 rw-p 00017000 103:02 7209051                   /lib/x86_64-linux-gnu/libnsl-2.27.so
7fbb84f54000-7fbb84f56000 rw-p 00000000 00:00 0 
7fbb84f56000-7fbb84f61000 r-xp 00000000 103:02 7209216                   /lib/x86_64-linux-gnu/libnss_nis-2.27.so
7fbb84f61000-7fbb85160000 ---p 0000b000 103:02 7209216                   /lib/x86_64-linux-gnu/libnss_nis-2.27.so
7fbb85160000-7fbb85161000 r--p 0000a000 103:02 7209216                   /lib/x86_64-linux-gnu/libnss_nis-2.27.so
7fbb85161000-7fbb85162000 rw-p 0000b000 103:02 7209216                   /lib/x86_64-linux-gnu/libnss_nis-2.27.so
7fbb85162000-7fbb8516a000 r-xp 00000000 103:02 7209128                   /lib/x86_64-linux-gnu/libnss_compat-2.27.so
7fbb8516a000-7fbb8536a000 ---p 00008000 103:02 7209128                   /lib/x86_64-linux-gnu/libnss_compat-2.27.so
7fbb8536a000-7fbb8536b000 r--p 00008000 103:02 7209128                   /lib/x86_64-linux-gnu/libnss_compat-2.27.so
7fbb8536b000-7fbb8536c000 rw-p 00009000 103:02 7209128                   /lib/x86_64-linux-gnu/libnss_compat-2.27.so
7fbb8536c000-7fbb85397000 r-xp 00000000 103:02 16916873                  /usr/lib/jvm/java-8-oracle/jre/lib/amd64/libjava.so
7fbb85397000-7fbb85596000 ---p 0002b000 103:02 16916873                  /usr/lib/jvm/java-8-oracle/jre/lib/amd64/libjava.so
7fbb85596000-7fbb85598000 rw-p 0002a000 103:02 16916873                  /usr/lib/jvm/java-8-oracle/jre/lib/amd64/libjava.so
7fbb85598000-7fbb855a5000 r-xp 00000000 103:02 16916878                  /usr/lib/jvm/java-8-oracle/jre/lib/amd64/libverify.so
7fbb855a5000-7fbb857a5000 ---p 0000d000 103:02 16916878                  /usr/lib/jvm/java-8-oracle/jre/lib/amd64/libverify.so
7fbb857a5000-7fbb857a7000 rw-p 0000d000 103:02 16916878                  /usr/lib/jvm/java-8-oracle/jre/lib/amd64/libverify.so
7fbb857a7000-7fbb857ae000 r-xp 00000000 103:02 7209452                   /lib/x86_64-linux-gnu/librt-2.27.so
7fbb857ae000-7fbb859ad000 ---p 00007000 103:02 7209452                   /lib/x86_64-linux-gnu/librt-2.27.so
7fbb859ad000-7fbb859ae000 r--p 00006000 103:02 7209452                   /lib/x86_64-linux-gnu/librt-2.27.so
7fbb859ae000-7fbb859af000 rw-p 00007000 103:02 7209452                   /lib/x86_64-linux-gnu/librt-2.27.so
7fbb859af000-7fbb85b4c000 r-xp 00000000 103:02 7209038                   /lib/x86_64-linux-gnu/libm-2.27.so
7fbb85b4c000-7fbb85d4b000 ---p 0019d000 103:02 7209038                   /lib/x86_64-linux-gnu/libm-2.27.so
7fbb85d4b000-7fbb85d4c000 r--p 0019c000 103:02 7209038                   /lib/x86_64-linux-gnu/libm-2.27.so
7fbb85d4c000-7fbb85d4d000 rw-p 0019d000 103:02 7209038                   /lib/x86_64-linux-gnu/libm-2.27.so
7fbb85d4d000-7fbb86a20000 r-xp 00000000 103:02 16916856                  /usr/lib/jvm/java-8-oracle/jre/lib/amd64/server/libjvm.so
7fbb86a20000-7fbb86c1f000 ---p 00cd3000 103:02 16916856                  /usr/lib/jvm/java-8-oracle/jre/lib/amd64/server/libjvm.so
7fbb86c1f000-7fbb86cf9000 rw-p 00cd2000 103:02 16916856                  /usr/lib/jvm/java-8-oracle/jre/lib/amd64/server/libjvm.so
7fbb86cf9000-7fbb86d44000 rw-p 00000000 00:00 0 
7fbb86d44000-7fbb86f2b000 r-xp 00000000 103:02 7209023                   /lib/x86_64-linux-gnu/libc-2.27.so
7fbb86f2b000-7fbb8712b000 ---p 001e7000 103:02 7209023                   /lib/x86_64-linux-gnu/libc-2.27.so
7fbb8712b000-7fbb8712f000 r--p 001e7000 103:02 7209023                   /lib/x86_64-linux-gnu/libc-2.27.so
7fbb8712f000-7fbb87131000 rw-p 001eb000 103:02 7209023                   /lib/x86_64-linux-gnu/libc-2.27.so
7fbb87131000-7fbb87135000 rw-p 00000000 00:00 0 
7fbb87135000-7fbb87138000 r-xp 00000000 103:02 7209035                   /lib/x86_64-linux-gnu/libdl-2.27.so
7fbb87138000-7fbb87337000 ---p 00003000 103:02 7209035                   /lib/x86_64-linux-gnu/libdl-2.27.so
7fbb87337000-7fbb87338000 r--p 00002000 103:02 7209035                   /lib/x86_64-linux-gnu/libdl-2.27.so
7fbb87338000-7fbb87339000 rw-p 00003000 103:02 7209035                   /lib/x86_64-linux-gnu/libdl-2.27.so
7fbb87339000-7fbb8734f000 r-xp 00000000 103:02 16916851                  /usr/lib/jvm/java-8-oracle/jre/lib/amd64/jli/libjli.so
7fbb8734f000-7fbb8754e000 ---p 00016000 103:02 16916851                  /usr/lib/jvm/java-8-oracle/jre/lib/amd64/jli/libjli.so
7fbb8754e000-7fbb8754f000 rw-p 00015000 103:02 16916851                  /usr/lib/jvm/java-8-oracle/jre/lib/amd64/jli/libjli.so
7fbb8754f000-7fbb87569000 r-xp 00000000 103:02 7209327                   /lib/x86_64-linux-gnu/libpthread-2.27.so
7fbb87569000-7fbb87768000 ---p 0001a000 103:02 7209327                   /lib/x86_64-linux-gnu/libpthread-2.27.so
7fbb87768000-7fbb87769000 r--p 00019000 103:02 7209327                   /lib/x86_64-linux-gnu/libpthread-2.27.so
7fbb87769000-7fbb8776a000 rw-p 0001a000 103:02 7209327                   /lib/x86_64-linux-gnu/libpthread-2.27.so
7fbb8776a000-7fbb8776e000 rw-p 00000000 00:00 0 
7fbb8776e000-7fbb87795000 r-xp 00000000 103:02 7208986                   /lib/x86_64-linux-gnu/ld-2.27.so
7fbb87795000-7fbb87798000 r--s 0003b000 103:02 3214                      /home/kurt/Documents/github/hmrc/add-taxes-frontend/lib_managed/bundles/com.fasterxml.jackson.core/jackson-core/jackson-core-2.7.8.jar
7fbb87798000-7fbb8779c000 r--s 00018000 103:02 3134                      /home/kurt/Documents/github/hmrc/add-taxes-frontend/lib_managed/jars/org.joda/joda-convert/joda-convert-1.8.1.jar
7fbb8779c000-7fbb877ad000 r--s 0008a000 103:02 3241                      /home/kurt/Documents/github/hmrc/add-taxes-frontend/lib_managed/jars/joda-time/joda-time/joda-time-2.9.6.jar
7fbb877ad000-7fbb87872000 rw-p 00000000 00:00 0 
7fbb87872000-7fbb87873000 ---p 00000000 00:00 0 
7fbb87873000-7fbb87876000 ---p 00000000 00:00 0 
7fbb87876000-7fbb87977000 rw-p 00000000 00:00 0 
7fbb87977000-7fbb87979000 r--s 00005000 103:02 1842                      /home/kurt/Documents/github/hmrc/add-taxes-frontend/lib_managed/bundles/com.fasterxml.jackson.datatype/jackson-datatype-jdk8/jackson-datatype-jdk8-2.7.8.jar
7fbb87979000-7fbb87982000 r--s 00091000 103:02 3289                      /home/kurt/Documents/github/hmrc/add-taxes-frontend/lib_managed/jars/org.scala-stm/scala-stm_2.11/scala-stm_2.11-0.7.jar
7fbb87982000-7fbb87989000 r--s 00064000 103:02 3304                      /home/kurt/Documents/github/hmrc/add-taxes-frontend/lib_managed/jars/org.apache.commons/commons-lang3/commons-lang3-3.4.jar
7fbb87989000-7fbb8798b000 r--s 0000d000 103:02 1871                      /home/kurt/Documents/github/hmrc/add-taxes-frontend/lib_managed/jars/com.typesafe.play/twirl-api_2.11/twirl-api_2.11-1.1.1.jar
7fbb8798b000-7fbb87993000 rw-s 00000000 103:02 28975810                  /tmp/hsperfdata_kurt/25733
7fbb87993000-7fbb87994000 rw-p 00000000 00:00 0 
7fbb87994000-7fbb87995000 r--p 00000000 00:00 0 
7fbb87995000-7fbb87996000 r--p 00027000 103:02 7208986                   /lib/x86_64-linux-gnu/ld-2.27.so
7fbb87996000-7fbb87997000 rw-p 00028000 103:02 7208986                   /lib/x86_64-linux-gnu/ld-2.27.so
7fbb87997000-7fbb87998000 rw-p 00000000 00:00 0 
7ffc914fd000-7ffc91524000 rw-p 00000000 00:00 0                          [stack]
7ffc9156c000-7ffc9156f000 r--p 00000000 00:00 0                          [vvar]
7ffc9156f000-7ffc91571000 r-xp 00000000 00:00 0                          [vdso]
ffffffffff600000-ffffffffff601000 r-xp 00000000 00:00 0                  [vsyscall]

VM Arguments:
jvm_args: -Djna.nosys=true 
java_command: sbt.ForkMain 39409
java_class_path (initial): /home/kurt/Documents/github/hmrc/add-taxes-frontend/target/scala-2.11/test-classes:/home/kurt/Documents/github/hmrc/add-taxes-frontend/target/web/classes/test:/home/kurt/Documents/github/hmrc/add-taxes-frontend/target/scala-2.11/classes:/home/kurt/Documents/github/hmrc/add-taxes-frontend/target/web/classes/main:/home/kurt/Documents/github/hmrc/add-taxes-frontend/lib_managed/jars/org.scala-lang/scala-library/scala-library-2.11.11.jar:/home/kurt/Documents/github/hmrc/add-taxes-frontend/lib_managed/jars/com.typesafe.play/twirl-api_2.11/twirl-api_2.11-1.1.1.jar:/home/kurt/Documents/github/hmrc/add-taxes-frontend/lib_managed/jars/org.apache.commons/commons-lang3/commons-lang3-3.4.jar:/home/kurt/Documents/github/hmrc/add-taxes-frontend/lib_managed/jars/org.scala-stm/scala-stm_2.11/scala-stm_2.11-0.7.jar:/home/kurt/Documents/github/hmrc/add-taxes-frontend/lib_managed/jars/joda-time/joda-time/joda-time-2.9.6.jar:/home/kurt/Documents/github/hmrc/add-taxes-frontend/lib_managed/jars/org.joda/joda-convert/joda-convert-1.8.1.jar:/home/kurt/Documents/github/hmrc/add-taxes-frontend/lib_managed/bundles/com.fasterxml.jackson.core/jackson-core/jackson-core-2.7.8.jar:/home/kurt/Documents/github/hmrc/add-taxes-frontend/lib_managed/bundles/com.fasterxml.jackson.core/jackson-annotations/jackson-annotations-2.7.8.jar:/home/kurt/Documents/github/hmrc/add-taxes-frontend/lib_managed/bundles/com.fasterxml.jackson.core/jackson-databind/jackson-databind-2.7.8.jar:/home/kurt/Documents/github/hmrc/add-taxes-frontend/lib_managed/bundles/com.fasterxml.jackson.datatype/jackson-datatype-jdk8/jackson-datatype-jdk8-2.7.8.jar:/home/kurt/Documents/github/hmrc/add-taxes-frontend/lib_managed/bundles/com.fasterxml.jackson.datatype/jackson-datatype-jsr310/jackson-datatype-jsr310-2.7.8.jar:/home/kurt/Documents/github/hmrc/add-taxes-frontend/lib_managed/jars/org.slf4j/jul-to-slf4j/jul-to-slf4j-1.7.21.jar:/home/kurt/Documents/github/hmrc/add-taxes-frontend/lib_managed/jars/org.slf4j
Launcher Type: SUN_STANDARD

Environment Variables:
JAVA_HOME=/usr/lib/jvm/java-8-oracle
PATH=/home/kurt/.cargo/bin:/home/kurt/Android/Sdk/tools/bin:/home/kurt/Android/Sdk/tools:/home/kurt/.linuxbrew/bin:/home/kurt/.nvm/versions/node/v8.2.1/bin:/home/kurt/.linuxbrew/bin:/home/kurt/.cargo/bin:/usr/local/sbin:/usr/local/bin:/usr/sbin:/usr/bin:/sbin:/bin:/usr/games:/usr/local/games:/snap/bin:/usr/lib/jvm/java-8-oracle/bin:/usr/lib/jvm/java-8-oracle/db/bin:/usr/lib/jvm/java-8-oracle/jre/bin:/home/kurt/.conscript/bin:/home/kurt/.cabal/bin:/home/kurt/.local/bin
USERNAME=kurt
SHELL=/bin/bash
DISPLAY=:0

Signal Handlers:
SIGSEGV: [libjvm.so+0xacbe10], sa_mask[0]=11111111011111111101111111111110, sa_flags=SA_RESTART|SA_SIGINFO
SIGBUS: [libjvm.so+0xacbe10], sa_mask[0]=11111111011111111101111111111110, sa_flags=SA_RESTART|SA_SIGINFO
SIGFPE: [libjvm.so+0x924f90], sa_mask[0]=11111111011111111101111111111110, sa_flags=SA_RESTART|SA_SIGINFO
SIGPIPE: [libjvm.so+0x924f90], sa_mask[0]=11111111011111111101111111111110, sa_flags=SA_RESTART|SA_SIGINFO
SIGXFSZ: [libjvm.so+0x924f90], sa_mask[0]=11111111011111111101111111111110, sa_flags=SA_RESTART|SA_SIGINFO
SIGILL: [libjvm.so+0x924f90], sa_mask[0]=11111111011111111101111111111110, sa_flags=SA_RESTART|SA_SIGINFO
SIGUSR1: SIG_DFL, sa_mask[0]=00000000000000000000000000000000, sa_flags=none
SIGUSR2: [libjvm.so+0x9267d0], sa_mask[0]=00100000000000000000000000000000, sa_flags=SA_RESTART|SA_SIGINFO
SIGHUP: [libjvm.so+0x927bd0], sa_mask[0]=11111111011111111101111111111110, sa_flags=SA_RESTART|SA_SIGINFO
SIGINT: [libjvm.so+0x927bd0], sa_mask[0]=11111111011111111101111111111110, sa_flags=SA_RESTART|SA_SIGINFO
SIGTERM: [libjvm.so+0x927bd0], sa_mask[0]=11111111011111111101111111111110, sa_flags=SA_RESTART|SA_SIGINFO
SIGQUIT: [libjvm.so+0x927bd0], sa_mask[0]=11111111011111111101111111111110, sa_flags=SA_RESTART|SA_SIGINFO


---------------  S Y S T E M  ---------------

OS:DISTRIB_ID=Ubuntu
DISTRIB_RELEASE=18.04
DISTRIB_CODENAME=bionic
DISTRIB_DESCRIPTION="Ubuntu 18.04 LTS"

uname:Linux 4.15.0-23-generic #25-Ubuntu SMP Wed May 23 18:02:16 UTC 2018 x86_64
libc:glibc 2.27 NPTL 2.27 
rlimit: STACK 8192k, CORE 0k, NPROC 127719, NOFILE 4096, AS infinity
load average:1.84 1.68 1.85

/proc/meminfo:
MemTotal:       32856296 kB
MemFree:         7254752 kB
MemAvailable:   16241768 kB
Buffers:          932608 kB
Cached:          9435224 kB
SwapCached:            0 kB
Active:         18115380 kB
Inactive:        6300260 kB
Active(anon):   14042428 kB
Inactive(anon):  1636956 kB
Active(file):    4072952 kB
Inactive(file):  4663304 kB
Unevictable:        1368 kB
Mlocked:            1368 kB
SwapTotal:       4194300 kB
SwapFree:        4194300 kB
Dirty:              6240 kB
Writeback:             0 kB
AnonPages:      14049256 kB
Mapped:          1485092 kB
Shmem:           1639696 kB
Slab:             865492 kB
SReclaimable:     721124 kB
SUnreclaim:       144368 kB
KernelStack:       36728 kB
PageTables:       125728 kB
NFS_Unstable:          0 kB
Bounce:                0 kB
WritebackTmp:          0 kB
CommitLimit:    20622448 kB
Committed_AS:   30397736 kB
VmallocTotal:   34359738367 kB
VmallocUsed:           0 kB
VmallocChunk:          0 kB
HardwareCorrupted:     0 kB
AnonHugePages:         0 kB
ShmemHugePages:        0 kB
ShmemPmdMapped:        0 kB
CmaTotal:              0 kB
CmaFree:               0 kB
HugePages_Total:       0
HugePages_Free:        0
HugePages_Rsvd:        0
HugePages_Surp:        0
Hugepagesize:       2048 kB
DirectMap4k:      444964 kB
DirectMap2M:    13103104 kB
DirectMap1G:    19922944 kB


CPU:total 4 (initial active 4) (2 cores per cpu, 2 threads per core) family 6 model 142 stepping 9, cmov, cx8, fxsr, mmx, sse, sse2, sse3, ssse3, sse4.1, sse4.2, popcnt, avx, avx2, aes, clmul, erms, 3dnowpref, lzcnt, ht, tsc, tscinvbit, bmi1, bmi2, adx

/proc/cpuinfo:
processor	: 0
vendor_id	: GenuineIntel
cpu family	: 6
model		: 142
model name	: Intel(R) Core(TM) i7-7500U CPU @ 2.70GHz
stepping	: 9
microcode	: 0x84
cpu MHz		: 3108.863
cache size	: 4096 KB
physical id	: 0
siblings	: 4
core id		: 0
cpu cores	: 2
apicid		: 0
initial apicid	: 0
fpu		: yes
fpu_exception	: yes
cpuid level	: 22
wp		: yes
flags		: fpu vme de pse tsc msr pae mce cx8 apic sep mtrr pge mca cmov pat pse36 clflush dts acpi mmx fxsr sse sse2 ss ht tm pbe syscall nx pdpe1gb rdtscp lm constant_tsc art arch_perfmon pebs bts rep_good nopl xtopology nonstop_tsc cpuid aperfmperf tsc_known_freq pni pclmulqdq dtes64 monitor ds_cpl vmx est tm2 ssse3 sdbg fma cx16 xtpr pdcm pcid sse4_1 sse4_2 x2apic movbe popcnt tsc_deadline_timer aes xsave avx f16c rdrand lahf_lm abm 3dnowprefetch cpuid_fault invpcid_single pti ibrs ibpb stibp tpr_shadow vnmi flexpriority ept vpid fsgsbase tsc_adjust bmi1 avx2 smep bmi2 erms invpcid mpx rdseed adx smap clflushopt intel_pt xsaveopt xsavec xgetbv1 xsaves dtherm ida arat pln pts hwp hwp_notify hwp_act_window hwp_epp
bugs		: cpu_meltdown spectre_v1 spectre_v2 spec_store_bypass
bogomips	: 5808.00
clflush size	: 64
cache_alignment	: 64
address sizes	: 39 bits physical, 48 bits virtual
power management:

processor	: 1
vendor_id	: GenuineIntel
cpu family	: 6
model		: 142
model name	: Intel(R) Core(TM) i7-7500U CPU @ 2.70GHz
stepping	: 9
microcode	: 0x84
cpu MHz		: 3113.353
cache size	: 4096 KB
physical id	: 0
siblings	: 4
core id		: 1
cpu cores	: 12
apicid		: 2
initial apicid	: 2
fpu		: yes
fpu_exception	: yes
cpuid level	: 22
wp		: yes
flags		: fpu vme de pse tsc msr pae mce cx8 apic sep mtrr pge mca cmov pat pse36 clflush dts acpi mmx fxsr sse sse2 ss ht tm pbe syscall nx pdpe1gb rdtscp lm constant_tsc art arch_perfmon pebs bts rep_good nopl xtopology nonstop_tsc cpuid aperfmperf tsc_known_freq pni pclmulqdq dtes64 monitor ds_cpl vmx est tm2 ssse3 sdbg fma cx16 xtpr pdcm pcid sse4_1 sse4_2 x2apic movbe popcnt tsc_deadline_timer aes xsave avx f16c rdrand lahf_lm abm 3dnowprefetch cpuid_fault invpcid_single pti tpr_shadow vnmi flexpriority ept vpid fsgsbase tsc_adjust bmi1 avx2 smep bmi2 erms invpcid mpx rdseed adx smap clflushopt intel_pt xsaveopt xsavec xgetbv1 xsaves dtherm ida arat pln pts hwp hwp_notify hwp_act_window hwp_epp
bugs		: cpu_meltdown spectre_v1 spectre_v2 spec_store_bypass
bogomips	: 5808.00
clflush size	: 64
cache_alignment	: 64
address sizes	: 39 bits physical, 48 bits virtual
power management:

processor	: 2
vendor_id	: GenuineIntel
cpu family	: 6
model		: 142
model name	: Intel(R) Core(TM) i7-7500U CPU @ 2.70GHz
stepping	: 9
microcode	: 0x84
cpu MHz		: 3106.971
cache size	: 4096 KB
physical id	: 0
siblings	: 4
core id		: 0
cpu cores	: 2
apicid		: 1
initial apicid	: 1
fpu		: yes
fpu_exception	: yes
cpuid level	: 22
wp		: yes
flags		: fpu vme de pse tsc msr pae mce cx8 apic sep mtrr pge mca cmov pat pse36 clflush dts acpi mmx fxsr sse sse2 ss ht tm pbe syscall nx pdpe1gb rdtscp lm constant_tsc art arch_perfmon pebs bts rep_good nopl xtopology nonstop_tsc cpuid aperfmperf tsc_known_freq pni pclmulqdq dtes64 monitor ds_cpl vmx est tm2 ssse3 sdbg fma cx16 xtpr pdcm pcid sse4_1 sse4_2 x2apic movbe popcnt tsc_deadline_timer aes xsave avx f16c rdrand lahf_lm abm 3dnowprefetch cpuid_fault invpcid_single pti tpr_shadow vnmi flexpriority ept vpid fsgsbase tsc_adjust bmi1 avx2 smep bmi2 erms invpcid mpx rdseed adx smap clflushopt intel_pt xsaveopt xsavec xgetbv1 xsaves dtherm ida arat pln pts hwp hwp_notify hwp_act_window hwp_epp
bugs		: cpu_meltdown spectre_v1 spectre_v2 spec_store_bypass
bogomips	: 5808.00
clflush size	: 64
cache_alignment	: 64
address sizes	: 39 bits physical, 48 bits virtual
power management:

processor	: 3
vendor_id	: GenuineIntel
cpu family	: 6
model		: 142
model name	: Intel(R) Core(TM) i7-7500U CPU @ 2.70GHz
stepping	: 9
microcode	: 0x84
cpu MHz		: 3111.669
cache size	: 4096 KB
physical id	: 0
siblings	: 4
core id		: 1
cpu cores	: 1
apicid		: 3
initial apicid	: 3
fpu		: yes
fpu_exception	: yes
cpuid level	: 22
wp		: yes
flags		: fpu vme de pse tsc msr pae mce cx8 apic sep mtrr pge mca cmov pat pse36 clflush dts acpi mmx fxsr sse sse2 ss ht tm pbe syscall nx pdpe1gb rdtscp lm constant_tsc art arch_perfmon pebs bts rep_good nopl xtopology nonstop_tsc cpuid aperfmperf tsc_known_freq pni pclmulqdq dtes64 monitor ds_cpl vmx est tm2 ssse3 sdbg fma cx16 xtpr pdcm pcid sse4_1 sse4_2 x2apic movbe popcnt tsc_deadline_timer aes xsave avx f16c rdrand lahf_lm abm 3dnowprefetch cpuid_fault invpcid_single pti tpr_shadow vnmi flexpriority ept vpid fsgsbase tsc_adjust bmi1 avx2 smep bmi2 erms invpcid mpx rdseed adx smap clflushopt intel_pt xsaveopt xsavec xgetbv1 xsaves dtherm ida arat pln pts hwp hwp_notify hwp_act_window hwp_epp
bugs		: cpu_meltdown spectre_v1 spectre_v2 spec_store_bypass
bogomips	: 5808.00
clflush size	: 64
cache_alignment	: 64
address sizes	: 39 bits physical, 48 bits virtual
power management:



Memory: 4k page, physical 32856296k(7253860k free), swap 4194300k(4194300k free)

vm_info: Java HotSpot(TM) 64-Bit Server VM (25.151-b12) for linux-amd64 JRE (1.8.0_151-b12), built on Sep  5 2017 19:20:58 by "java_re" with gcc 4.3.0 20080428 (Red Hat 4.3.0-8)

time: Thu Jul 19 15:55:38 2018
elapsed time: 10 seconds (0d 0h 0m 10s)

